INFO: [VRFC 10-2263] Analyzing Verilog file "D:/LAB_UIT/Verilog_project/RV32I/code_vivado/Rv32I/Rv32I.srcs/sources_1/new/alu.v" into library xil_defaultlib
INFO: [VRFC 10-311] analyzing module alu
INFO: [VRFC 10-2263] Analyzing Verilog file "D:/LAB_UIT/Verilog_project/RV32I/code_vivado/Rv32I/Rv32I.srcs/sources_1/new/alu_control.v" into library xil_defaultlib
INFO: [VRFC 10-311] analyzing module alu_control
INFO: [VRFC 10-2263] Analyzing Verilog file "D:/LAB_UIT/Verilog_project/RV32I/code_vivado/Rv32I/Rv32I.srcs/sources_1/new/control_unit.v" into library xil_defaultlib
INFO: [VRFC 10-311] analyzing module control_unit
INFO: [VRFC 10-2263] Analyzing Verilog file "D:/LAB_UIT/Verilog_project/RV32I/code_vivado/Rv32I/Rv32I.srcs/sources_1/new/data_mem.v" into library xil_defaultlib
INFO: [VRFC 10-311] analyzing module data_mem
INFO: [VRFC 10-2263] Analyzing Verilog file "D:/LAB_UIT/Verilog_project/RV32I/code_vivado/Rv32I/Rv32I.srcs/sources_1/new/ex_mem_reg.v" into library xil_defaultlib
INFO: [VRFC 10-311] analyzing module ex_mem_reg
INFO: [VRFC 10-2263] Analyzing Verilog file "D:/LAB_UIT/Verilog_project/RV32I/code_vivado/Rv32I/Rv32I.srcs/sources_1/new/forwarding_unit.v" into library xil_defaultlib
INFO: [VRFC 10-311] analyzing module forwarding_unit
INFO: [VRFC 10-2263] Analyzing Verilog file "D:/LAB_UIT/Verilog_project/RV32I/code_vivado/Rv32I/Rv32I.srcs/sources_1/new/hazard_unit.v" into library xil_defaultlib
INFO: [VRFC 10-311] analyzing module hazard_unit
INFO: [VRFC 10-2263] Analyzing Verilog file "D:/LAB_UIT/Verilog_project/RV32I/code_vivado/Rv32I/Rv32I.srcs/sources_1/new/id_ex_reg.v" into library xil_defaultlib
INFO: [VRFC 10-311] analyzing module id_ex_reg
INFO: [VRFC 10-2263] Analyzing Verilog file "D:/LAB_UIT/Verilog_project/RV32I/code_vivado/Rv32I/Rv32I.srcs/sources_1/new/if_id_reg.v" into library xil_defaultlib
INFO: [VRFC 10-311] analyzing module if_id_reg
INFO: [VRFC 10-2263] Analyzing Verilog file "D:/LAB_UIT/Verilog_project/RV32I/code_vivado/Rv32I/Rv32I.srcs/sources_1/new/imm_gen.v" into library xil_defaultlib
INFO: [VRFC 10-311] analyzing module imm_gen
INFO: [VRFC 10-2263] Analyzing Verilog file "D:/LAB_UIT/Verilog_project/RV32I/code_vivado/Rv32I/Rv32I.srcs/sources_1/new/instruction_mem.v" into library xil_defaultlib
INFO: [VRFC 10-311] analyzing module instr_mem
INFO: [VRFC 10-2263] Analyzing Verilog file "D:/LAB_UIT/Verilog_project/RV32I/code_vivado/Rv32I/Rv32I.srcs/sources_1/new/mem_wb_reg.v" into library xil_defaultlib
INFO: [VRFC 10-311] analyzing module mem_wb_reg
INFO: [VRFC 10-2263] Analyzing Verilog file "D:/LAB_UIT/Verilog_project/RV32I/code_vivado/Rv32I/Rv32I.srcs/sources_1/new/pc.v" into library xil_defaultlib
INFO: [VRFC 10-311] analyzing module pc
INFO: [VRFC 10-2263] Analyzing Verilog file "D:/LAB_UIT/Verilog_project/RV32I/code_vivado/Rv32I/Rv32I.srcs/sources_1/new/reg_file.v" into library xil_defaultlib
INFO: [VRFC 10-311] analyzing module reg_file
INFO: [VRFC 10-2263] Analyzing Verilog file "D:/LAB_UIT/Verilog_project/RV32I/code_vivado/Rv32I/Rv32I.srcs/sources_1/new/riscv_top.v" into library xil_defaultlib
INFO: [VRFC 10-311] analyzing module riscv_top
INFO: [VRFC 10-2263] Analyzing Verilog file "D:/LAB_UIT/Verilog_project/RV32I/code_vivado/Rv32I/Rv32I.srcs/sim_1/new/rv32i.v" into library xil_defaultlib
INFO: [VRFC 10-311] analyzing module tb_riscv
INFO: [VRFC 10-2263] Analyzing Verilog file "D:/LAB_UIT/Verilog_project/RV32I/code_vivado/Rv32I/Rv32I.sim/sim_1/behav/xsim/glbl.v" into library xil_defaultlib
INFO: [VRFC 10-311] analyzing module glbl
