#-----------------------------------------------------------
# Vivado v2024.2 (64-bit)
# SW Build 5239630 on Fri Nov 08 22:35:27 MST 2024
# IP Build 5239520 on Sun Nov 10 16:12:51 MST 2024
# SharedData Build 5239561 on Fri Nov 08 14:39:27 MST 2024
# Start of session at: Sun May 10 15:29:02 2026
# Process ID         : 7756
# Current directory  : D:/LAB_UIT/Verilog_project/RV32I/code_vivado/Rv32I
# Command line       : vivado.exe -gui_launcher_event rodinguilauncherevent19400 D:\LAB_UIT\Verilog_project\RV32I\code_vivado\Rv32I\Rv32I.xpr
# Log file           : D:/LAB_UIT/Verilog_project/RV32I/code_vivado/Rv32I/vivado.log
# Journal file       : D:/LAB_UIT/Verilog_project/RV32I/code_vivado/Rv32I\vivado.jou
# Running On         : Admin-PC
# Platform           : Windows Server 2016 or Windows 10
# Operating System   : 26200
# Processor Detail   : Intel(R) Core(TM) i5-1035G1 CPU @ 1.00GHz
# CPU Frequency      : 1190 MHz
# CPU Physical cores : 4
# CPU Logical cores  : 8
# Host memory        : 16951 MB
# Swap memory        : 8053 MB
# Total Virtual      : 25004 MB
# Available Virtual  : 13718 MB
#-----------------------------------------------------------
start_gui
open_project D:/LAB_UIT/Verilog_project/RV32I/code_vivado/Rv32I/Rv32I.xpr
WARNING: [Board 49-26] cannot add Board Part xilinx.com:zcu208ld:part0:2.0 available at D:/vivado/Vivado/2024.2/data/xhub/boards/XilinxBoardStore/boards/Xilinx/zcu208ld/production/2.0/board.xml as part xczu58dr-fsvg1517-2-i specified in board_part file is either invalid or not available
WARNING: [Board 49-26] cannot add Board Part xilinx.com:zcu216ld:part0:2.0 available at D:/vivado/Vivado/2024.2/data/xhub/boards/XilinxBoardStore/boards/Xilinx/zcu216ld/production/2.0/board.xml as part xczu59dr-ffvf1760-2-i specified in board_part file is either invalid or not available
WARNING: [Board 49-26] cannot add Board Part xilinx.com:zcu670ld:part0:1.0 available at D:/vivado/Vivado/2024.2/data/xhub/boards/XilinxBoardStore/boards/Xilinx/zcu670ld/1.0/board.xml as part xczu57dr-fsve1156-2-i specified in board_part file is either invalid or not available
INFO: [filemgmt 56-3] Default IP Output Path : Could not find the directory 'D:/LAB_UIT/Verilog_project/RV32I/code_vivado/Rv32I/Rv32I.gen/sources_1'.
Scanning sources...
Finished scanning sources
INFO: [IP_Flow 19-234] Refreshing IP repositories
INFO: [IP_Flow 19-1704] No user IP repositories specified
INFO: [IP_Flow 19-2313] Loaded Vivado IP repository 'D:/vivado/Vivado/2024.2/data/ip'.
open_project: Time (s): cpu = 00:00:27 ; elapsed = 00:00:13 . Memory (MB): peak = 1246.699 ; gain = 122.613
update_compile_order -fileset sources_1
WARNING: [filemgmt 56-199] Attempt to get parsing info during refresh. "On-the-fly" syntax checking information may be incorrect. [D:\LAB_UIT\Verilog_project\RV32I\code_vivado\Rv32I\Rv32I.srcs\sources_1\new\hazard_unit.v:]
WARNING: [filemgmt 56-199] Attempt to get parsing info during refresh. "On-the-fly" syntax checking information may be incorrect. [D:\LAB_UIT\Verilog_project\RV32I\code_vivado\Rv32I\Rv32I.srcs\sources_1\new\id_ex_reg.v:]
WARNING: [filemgmt 56-199] Attempt to get parsing info during refresh. "On-the-fly" syntax checking information may be incorrect. [D:\LAB_UIT\Verilog_project\RV32I\code_vivado\Rv32I\Rv32I.srcs\sources_1\new\control_unit.v:]
WARNING: [filemgmt 56-199] Attempt to get parsing info during refresh. "On-the-fly" syntax checking information may be incorrect. [D:\LAB_UIT\Verilog_project\RV32I\code_vivado\Rv32I\Rv32I.srcs\sources_1\new\forwarding_unit.v:]
WARNING: [filemgmt 56-199] Attempt to get parsing info during refresh. "On-the-fly" syntax checking information may be incorrect. [D:\LAB_UIT\Verilog_project\RV32I\code_vivado\Rv32I\Rv32I.srcs\sources_1\new\riscv_top.v:]
WARNING: [filemgmt 56-199] Attempt to get parsing info during refresh. "On-the-fly" syntax checking information may be incorrect. [D:\LAB_UIT\Verilog_project\RV32I\code_vivado\Rv32I\Rv32I.srcs\sources_1\new\ex_mem_reg.v:]
WARNING: [filemgmt 56-199] Attempt to get parsing info during refresh. "On-the-fly" syntax checking information may be incorrect. [D:\LAB_UIT\Verilog_project\RV32I\code_vivado\Rv32I\Rv32I.srcs\sources_1\new\alu.v:]
WARNING: [filemgmt 56-199] Attempt to get parsing info during refresh. "On-the-fly" syntax checking information may be incorrect. [D:\LAB_UIT\Verilog_project\RV32I\code_vivado\Rv32I\Rv32I.srcs\sources_1\new\alu_control.v:]
WARNING: [filemgmt 56-199] Attempt to get parsing info during refresh. "On-the-fly" syntax checking information may be incorrect. [D:\LAB_UIT\Verilog_project\RV32I\code_vivado\Rv32I\Rv32I.srcs\sources_1\new\data_mem.v:]
WARNING: [filemgmt 56-199] Attempt to get parsing info during refresh. "On-the-fly" syntax checking information may be incorrect. [D:\LAB_UIT\Verilog_project\RV32I\code_vivado\Rv32I\Rv32I.srcs\sources_1\new\mem_wb_reg.v:]
WARNING: [filemgmt 56-199] Attempt to get parsing info during refresh. "On-the-fly" syntax checking information may be incorrect. [D:\LAB_UIT\Verilog_project\RV32I\code_vivado\Rv32I\Rv32I.srcs\sim_1\new\rv32i.v:]
WARNING: [filemgmt 56-199] Attempt to get parsing info during refresh. "On-the-fly" syntax checking information may be incorrect. [D:\LAB_UIT\Verilog_project\RV32I\code_vivado\Rv32I\Rv32I.srcs\sources_1\new\imm_gen.v:]
WARNING: [filemgmt 56-199] Attempt to get parsing info during refresh. "On-the-fly" syntax checking information may be incorrect. [D:\LAB_UIT\Verilog_project\RV32I\code_vivado\Rv32I\Rv32I.srcs\sources_1\new\riscv_top.v:]
WARNING: [filemgmt 56-199] Attempt to get parsing info during refresh. "On-the-fly" syntax checking information may be incorrect. [D:\LAB_UIT\Verilog_project\RV32I\code_vivado\Rv32I\Rv32I.srcs\sources_1\new\riscv_top.v:]
WARNING: [filemgmt 56-199] Attempt to get parsing info during refresh. "On-the-fly" syntax checking information may be incorrect. [D:\LAB_UIT\Verilog_project\RV32I\code_vivado\Rv32I\Rv32I.srcs\sources_1\new\hazard_unit.v:]
WARNING: [filemgmt 56-199] Attempt to get parsing info during refresh. "On-the-fly" syntax checking information may be incorrect. [D:\LAB_UIT\Verilog_project\RV32I\code_vivado\Rv32I\Rv32I.srcs\sources_1\new\id_ex_reg.v:]
WARNING: [filemgmt 56-199] Attempt to get parsing info during refresh. "On-the-fly" syntax checking information may be incorrect. [D:\LAB_UIT\Verilog_project\RV32I\code_vivado\Rv32I\Rv32I.srcs\sources_1\new\control_unit.v:]
WARNING: [filemgmt 56-199] Attempt to get parsing info during refresh. "On-the-fly" syntax checking information may be incorrect. [D:\LAB_UIT\Verilog_project\RV32I\code_vivado\Rv32I\Rv32I.srcs\sources_1\new\forwarding_unit.v:]
WARNING: [filemgmt 56-199] Attempt to get parsing info during refresh. "On-the-fly" syntax checking information may be incorrect. [D:\LAB_UIT\Verilog_project\RV32I\code_vivado\Rv32I\Rv32I.srcs\sources_1\new\riscv_top.v:]
WARNING: [filemgmt 56-199] Attempt to get parsing info during refresh. "On-the-fly" syntax checking information may be incorrect. [D:\LAB_UIT\Verilog_project\RV32I\code_vivado\Rv32I\Rv32I.srcs\sources_1\new\ex_mem_reg.v:]
WARNING: [filemgmt 56-199] Attempt to get parsing info during refresh. "On-the-fly" syntax checking information may be incorrect. [D:\LAB_UIT\Verilog_project\RV32I\code_vivado\Rv32I\Rv32I.srcs\sources_1\new\alu.v:]
WARNING: [filemgmt 56-199] Attempt to get parsing info during refresh. "On-the-fly" syntax checking information may be incorrect. [D:\LAB_UIT\Verilog_project\RV32I\code_vivado\Rv32I\Rv32I.srcs\sources_1\new\alu_control.v:]
WARNING: [filemgmt 56-199] Attempt to get parsing info during refresh. "On-the-fly" syntax checking information may be incorrect. [D:\LAB_UIT\Verilog_project\RV32I\code_vivado\Rv32I\Rv32I.srcs\sources_1\new\data_mem.v:]
WARNING: [filemgmt 56-199] Attempt to get parsing info during refresh. "On-the-fly" syntax checking information may be incorrect. [D:\LAB_UIT\Verilog_project\RV32I\code_vivado\Rv32I\Rv32I.srcs\sources_1\new\mem_wb_reg.v:]
WARNING: [filemgmt 56-199] Attempt to get parsing info during refresh. "On-the-fly" syntax checking information may be incorrect. [D:\LAB_UIT\Verilog_project\RV32I\code_vivado\Rv32I\Rv32I.srcs\sim_1\new\rv32i.v:]
WARNING: [filemgmt 56-199] Attempt to get parsing info during refresh. "On-the-fly" syntax checking information may be incorrect. [D:\LAB_UIT\Verilog_project\RV32I\code_vivado\Rv32I\Rv32I.srcs\sources_1\new\imm_gen.v:]
WARNING: [filemgmt 56-199] Attempt to get parsing info during refresh. "On-the-fly" syntax checking information may be incorrect. [D:\LAB_UIT\Verilog_project\RV32I\code_vivado\Rv32I\Rv32I.srcs\sources_1\new\alu.v:]
WARNING: [filemgmt 56-199] Attempt to get parsing info during refresh. "On-the-fly" syntax checking information may be incorrect. [D:\LAB_UIT\Verilog_project\RV32I\code_vivado\Rv32I\Rv32I.srcs\sources_1\new\alu.v:]
WARNING: [filemgmt 56-199] Attempt to get parsing info during refresh. "On-the-fly" syntax checking information may be incorrect. [D:\LAB_UIT\Verilog_project\RV32I\code_vivado\Rv32I\Rv32I.srcs\sources_1\new\hazard_unit.v:]
WARNING: [filemgmt 56-199] Attempt to get parsing info during refresh. "On-the-fly" syntax checking information may be incorrect. [D:\LAB_UIT\Verilog_project\RV32I\code_vivado\Rv32I\Rv32I.srcs\sources_1\new\id_ex_reg.v:]
WARNING: [filemgmt 56-199] Attempt to get parsing info during refresh. "On-the-fly" syntax checking information may be incorrect. [D:\LAB_UIT\Verilog_project\RV32I\code_vivado\Rv32I\Rv32I.srcs\sources_1\new\control_unit.v:]
WARNING: [filemgmt 56-199] Attempt to get parsing info during refresh. "On-the-fly" syntax checking information may be incorrect. [D:\LAB_UIT\Verilog_project\RV32I\code_vivado\Rv32I\Rv32I.srcs\sources_1\new\forwarding_unit.v:]
WARNING: [filemgmt 56-199] Attempt to get parsing info during refresh. "On-the-fly" syntax checking information may be incorrect. [D:\LAB_UIT\Verilog_project\RV32I\code_vivado\Rv32I\Rv32I.srcs\sources_1\new\riscv_top.v:]
WARNING: [filemgmt 56-199] Attempt to get parsing info during refresh. "On-the-fly" syntax checking information may be incorrect. [D:\LAB_UIT\Verilog_project\RV32I\code_vivado\Rv32I\Rv32I.srcs\sources_1\new\ex_mem_reg.v:]
WARNING: [filemgmt 56-199] Attempt to get parsing info during refresh. "On-the-fly" syntax checking information may be incorrect. [D:\LAB_UIT\Verilog_project\RV32I\code_vivado\Rv32I\Rv32I.srcs\sources_1\new\alu.v:]
WARNING: [filemgmt 56-199] Attempt to get parsing info during refresh. "On-the-fly" syntax checking information may be incorrect. [D:\LAB_UIT\Verilog_project\RV32I\code_vivado\Rv32I\Rv32I.srcs\sources_1\new\alu_control.v:]
WARNING: [filemgmt 56-199] Attempt to get parsing info during refresh. "On-the-fly" syntax checking information may be incorrect. [D:\LAB_UIT\Verilog_project\RV32I\code_vivado\Rv32I\Rv32I.srcs\sources_1\new\data_mem.v:]
WARNING: [filemgmt 56-199] Attempt to get parsing info during refresh. "On-the-fly" syntax checking information may be incorrect. [D:\LAB_UIT\Verilog_project\RV32I\code_vivado\Rv32I\Rv32I.srcs\sources_1\new\mem_wb_reg.v:]
WARNING: [filemgmt 56-199] Attempt to get parsing info during refresh. "On-the-fly" syntax checking information may be incorrect. [D:\LAB_UIT\Verilog_project\RV32I\code_vivado\Rv32I\Rv32I.srcs\sim_1\new\rv32i.v:]
WARNING: [filemgmt 56-199] Attempt to get parsing info during refresh. "On-the-fly" syntax checking information may be incorrect. [D:\LAB_UIT\Verilog_project\RV32I\code_vivado\Rv32I\Rv32I.srcs\sources_1\new\imm_gen.v:]
WARNING: [filemgmt 56-199] Attempt to get parsing info during refresh. "On-the-fly" syntax checking information may be incorrect. [D:\LAB_UIT\Verilog_project\RV32I\code_vivado\Rv32I\Rv32I.srcs\sources_1\new\imm_gen.v:]
WARNING: [filemgmt 56-199] Attempt to get parsing info during refresh. "On-the-fly" syntax checking information may be incorrect. [D:\LAB_UIT\Verilog_project\RV32I\code_vivado\Rv32I\Rv32I.srcs\sources_1\new\imm_gen.v:]
WARNING: [filemgmt 56-199] Attempt to get parsing info during refresh. "On-the-fly" syntax checking information may be incorrect. [D:\LAB_UIT\Verilog_project\RV32I\code_vivado\Rv32I\Rv32I.srcs\sources_1\new\hazard_unit.v:]
WARNING: [filemgmt 56-199] Attempt to get parsing info during refresh. "On-the-fly" syntax checking information may be incorrect. [D:\LAB_UIT\Verilog_project\RV32I\code_vivado\Rv32I\Rv32I.srcs\sources_1\new\id_ex_reg.v:]
WARNING: [filemgmt 56-199] Attempt to get parsing info during refresh. "On-the-fly" syntax checking information may be incorrect. [D:\LAB_UIT\Verilog_project\RV32I\code_vivado\Rv32I\Rv32I.srcs\sources_1\new\control_unit.v:]
WARNING: [filemgmt 56-199] Attempt to get parsing info during refresh. "On-the-fly" syntax checking information may be incorrect. [D:\LAB_UIT\Verilog_project\RV32I\code_vivado\Rv32I\Rv32I.srcs\sources_1\new\forwarding_unit.v:]
WARNING: [filemgmt 56-199] Attempt to get parsing info during refresh. "On-the-fly" syntax checking information may be incorrect. [D:\LAB_UIT\Verilog_project\RV32I\code_vivado\Rv32I\Rv32I.srcs\sources_1\new\riscv_top.v:]
WARNING: [filemgmt 56-199] Attempt to get parsing info during refresh. "On-the-fly" syntax checking information may be incorrect. [D:\LAB_UIT\Verilog_project\RV32I\code_vivado\Rv32I\Rv32I.srcs\sources_1\new\ex_mem_reg.v:]
WARNING: [filemgmt 56-199] Attempt to get parsing info during refresh. "On-the-fly" syntax checking information may be incorrect. [D:\LAB_UIT\Verilog_project\RV32I\code_vivado\Rv32I\Rv32I.srcs\sources_1\new\alu.v:]
WARNING: [filemgmt 56-199] Attempt to get parsing info during refresh. "On-the-fly" syntax checking information may be incorrect. [D:\LAB_UIT\Verilog_project\RV32I\code_vivado\Rv32I\Rv32I.srcs\sources_1\new\alu_control.v:]
WARNING: [filemgmt 56-199] Attempt to get parsing info during refresh. "On-the-fly" syntax checking information may be incorrect. [D:\LAB_UIT\Verilog_project\RV32I\code_vivado\Rv32I\Rv32I.srcs\sources_1\new\data_mem.v:]
WARNING: [filemgmt 56-199] Attempt to get parsing info during refresh. "On-the-fly" syntax checking information may be incorrect. [D:\LAB_UIT\Verilog_project\RV32I\code_vivado\Rv32I\Rv32I.srcs\sources_1\new\mem_wb_reg.v:]
WARNING: [filemgmt 56-199] Attempt to get parsing info during refresh. "On-the-fly" syntax checking information may be incorrect. [D:\LAB_UIT\Verilog_project\RV32I\code_vivado\Rv32I\Rv32I.srcs\sim_1\new\rv32i.v:]
WARNING: [filemgmt 56-199] Attempt to get parsing info during refresh. "On-the-fly" syntax checking information may be incorrect. [D:\LAB_UIT\Verilog_project\RV32I\code_vivado\Rv32I\Rv32I.srcs\sources_1\new\imm_gen.v:]
WARNING: [filemgmt 56-199] Attempt to get parsing info during refresh. "On-the-fly" syntax checking information may be incorrect. [D:\LAB_UIT\Verilog_project\RV32I\code_vivado\Rv32I\Rv32I.srcs\sim_1\new\rv32i.v:]
WARNING: [filemgmt 56-199] Attempt to get parsing info during refresh. "On-the-fly" syntax checking information may be incorrect. [D:\LAB_UIT\Verilog_project\RV32I\code_vivado\Rv32I\Rv32I.srcs\sim_1\new\rv32i.v:]
WARNING: [filemgmt 56-199] Attempt to get parsing info during refresh. "On-the-fly" syntax checking information may be incorrect. [D:\LAB_UIT\Verilog_project\RV32I\code_vivado\Rv32I\Rv32I.srcs\sources_1\new\hazard_unit.v:]
WARNING: [filemgmt 56-199] Attempt to get parsing info during refresh. "On-the-fly" syntax checking information may be incorrect. [D:\LAB_UIT\Verilog_project\RV32I\code_vivado\Rv32I\Rv32I.srcs\sources_1\new\id_ex_reg.v:]
WARNING: [filemgmt 56-199] Attempt to get parsing info during refresh. "On-the-fly" syntax checking information may be incorrect. [D:\LAB_UIT\Verilog_project\RV32I\code_vivado\Rv32I\Rv32I.srcs\sources_1\new\control_unit.v:]
WARNING: [filemgmt 56-199] Attempt to get parsing info during refresh. "On-the-fly" syntax checking information may be incorrect. [D:\LAB_UIT\Verilog_project\RV32I\code_vivado\Rv32I\Rv32I.srcs\sources_1\new\forwarding_unit.v:]
WARNING: [filemgmt 56-199] Attempt to get parsing info during refresh. "On-the-fly" syntax checking information may be incorrect. [D:\LAB_UIT\Verilog_project\RV32I\code_vivado\Rv32I\Rv32I.srcs\sources_1\new\riscv_top.v:]
WARNING: [filemgmt 56-199] Attempt to get parsing info during refresh. "On-the-fly" syntax checking information may be incorrect. [D:\LAB_UIT\Verilog_project\RV32I\code_vivado\Rv32I\Rv32I.srcs\sources_1\new\ex_mem_reg.v:]
WARNING: [filemgmt 56-199] Attempt to get parsing info during refresh. "On-the-fly" syntax checking information may be incorrect. [D:\LAB_UIT\Verilog_project\RV32I\code_vivado\Rv32I\Rv32I.srcs\sources_1\new\alu.v:]
WARNING: [filemgmt 56-199] Attempt to get parsing info during refresh. "On-the-fly" syntax checking information may be incorrect. [D:\LAB_UIT\Verilog_project\RV32I\code_vivado\Rv32I\Rv32I.srcs\sources_1\new\alu_control.v:]
WARNING: [filemgmt 56-199] Attempt to get parsing info during refresh. "On-the-fly" syntax checking information may be incorrect. [D:\LAB_UIT\Verilog_project\RV32I\code_vivado\Rv32I\Rv32I.srcs\sources_1\new\data_mem.v:]
WARNING: [filemgmt 56-199] Attempt to get parsing info during refresh. "On-the-fly" syntax checking information may be incorrect. [D:\LAB_UIT\Verilog_project\RV32I\code_vivado\Rv32I\Rv32I.srcs\sources_1\new\mem_wb_reg.v:]
WARNING: [filemgmt 56-199] Attempt to get parsing info during refresh. "On-the-fly" syntax checking information may be incorrect. [D:\LAB_UIT\Verilog_project\RV32I\code_vivado\Rv32I\Rv32I.srcs\sim_1\new\rv32i.v:]
WARNING: [filemgmt 56-199] Attempt to get parsing info during refresh. "On-the-fly" syntax checking information may be incorrect. [D:\LAB_UIT\Verilog_project\RV32I\code_vivado\Rv32I\Rv32I.srcs\sources_1\new\imm_gen.v:]
WARNING: [filemgmt 56-199] Attempt to get parsing info during refresh. "On-the-fly" syntax checking information may be incorrect. [D:\LAB_UIT\Verilog_project\RV32I\code_vivado\Rv32I\Rv32I.srcs\sources_1\new\data_mem.v:]
WARNING: [filemgmt 56-199] Attempt to get parsing info during refresh. "On-the-fly" syntax checking information may be incorrect. [D:\LAB_UIT\Verilog_project\RV32I\code_vivado\Rv32I\Rv32I.srcs\sources_1\new\data_mem.v:]
WARNING: [filemgmt 56-199] Attempt to get parsing info during refresh. "On-the-fly" syntax checking information may be incorrect. [D:\LAB_UIT\Verilog_project\RV32I\code_vivado\Rv32I\Rv32I.srcs\sources_1\new\hazard_unit.v:]
WARNING: [filemgmt 56-199] Attempt to get parsing info during refresh. "On-the-fly" syntax checking information may be incorrect. [D:\LAB_UIT\Verilog_project\RV32I\code_vivado\Rv32I\Rv32I.srcs\sources_1\new\id_ex_reg.v:]
WARNING: [filemgmt 56-199] Attempt to get parsing info during refresh. "On-the-fly" syntax checking information may be incorrect. [D:\LAB_UIT\Verilog_project\RV32I\code_vivado\Rv32I\Rv32I.srcs\sources_1\new\control_unit.v:]
WARNING: [filemgmt 56-199] Attempt to get parsing info during refresh. "On-the-fly" syntax checking information may be incorrect. [D:\LAB_UIT\Verilog_project\RV32I\code_vivado\Rv32I\Rv32I.srcs\sources_1\new\forwarding_unit.v:]
WARNING: [filemgmt 56-199] Attempt to get parsing info during refresh. "On-the-fly" syntax checking information may be incorrect. [D:\LAB_UIT\Verilog_project\RV32I\code_vivado\Rv32I\Rv32I.srcs\sources_1\new\riscv_top.v:]
WARNING: [filemgmt 56-199] Attempt to get parsing info during refresh. "On-the-fly" syntax checking information may be incorrect. [D:\LAB_UIT\Verilog_project\RV32I\code_vivado\Rv32I\Rv32I.srcs\sources_1\new\ex_mem_reg.v:]
WARNING: [filemgmt 56-199] Attempt to get parsing info during refresh. "On-the-fly" syntax checking information may be incorrect. [D:\LAB_UIT\Verilog_project\RV32I\code_vivado\Rv32I\Rv32I.srcs\sources_1\new\alu.v:]
WARNING: [filemgmt 56-199] Attempt to get parsing info during refresh. "On-the-fly" syntax checking information may be incorrect. [D:\LAB_UIT\Verilog_project\RV32I\code_vivado\Rv32I\Rv32I.srcs\sources_1\new\alu_control.v:]
WARNING: [filemgmt 56-199] Attempt to get parsing info during refresh. "On-the-fly" syntax checking information may be incorrect. [D:\LAB_UIT\Verilog_project\RV32I\code_vivado\Rv32I\Rv32I.srcs\sources_1\new\data_mem.v:]
WARNING: [filemgmt 56-199] Attempt to get parsing info during refresh. "On-the-fly" syntax checking information may be incorrect. [D:\LAB_UIT\Verilog_project\RV32I\code_vivado\Rv32I\Rv32I.srcs\sources_1\new\mem_wb_reg.v:]
WARNING: [filemgmt 56-199] Attempt to get parsing info during refresh. "On-the-fly" syntax checking information may be incorrect. [D:\LAB_UIT\Verilog_project\RV32I\code_vivado\Rv32I\Rv32I.srcs\sim_1\new\rv32i.v:]
WARNING: [filemgmt 56-199] Attempt to get parsing info during refresh. "On-the-fly" syntax checking information may be incorrect. [D:\LAB_UIT\Verilog_project\RV32I\code_vivado\Rv32I\Rv32I.srcs\sources_1\new\imm_gen.v:]
WARNING: [filemgmt 56-199] Attempt to get parsing info during refresh. "On-the-fly" syntax checking information may be incorrect. [D:\LAB_UIT\Verilog_project\RV32I\code_vivado\Rv32I\Rv32I.srcs\sources_1\new\alu.v:]
WARNING: [filemgmt 56-199] Attempt to get parsing info during refresh. "On-the-fly" syntax checking information may be incorrect. [D:\LAB_UIT\Verilog_project\RV32I\code_vivado\Rv32I\Rv32I.srcs\sources_1\new\alu.v:]
WARNING: [filemgmt 56-199] Attempt to get parsing info during refresh. "On-the-fly" syntax checking information may be incorrect. [D:\LAB_UIT\Verilog_project\RV32I\code_vivado\Rv32I\Rv32I.srcs\sources_1\new\hazard_unit.v:]
WARNING: [filemgmt 56-199] Attempt to get parsing info during refresh. "On-the-fly" syntax checking information may be incorrect. [D:\LAB_UIT\Verilog_project\RV32I\code_vivado\Rv32I\Rv32I.srcs\sources_1\new\id_ex_reg.v:]
WARNING: [filemgmt 56-199] Attempt to get parsing info during refresh. "On-the-fly" syntax checking information may be incorrect. [D:\LAB_UIT\Verilog_project\RV32I\code_vivado\Rv32I\Rv32I.srcs\sources_1\new\control_unit.v:]
WARNING: [filemgmt 56-199] Attempt to get parsing info during refresh. "On-the-fly" syntax checking information may be incorrect. [D:\LAB_UIT\Verilog_project\RV32I\code_vivado\Rv32I\Rv32I.srcs\sources_1\new\forwarding_unit.v:]
WARNING: [filemgmt 56-199] Attempt to get parsing info during refresh. "On-the-fly" syntax checking information may be incorrect. [D:\LAB_UIT\Verilog_project\RV32I\code_vivado\Rv32I\Rv32I.srcs\sources_1\new\riscv_top.v:]
WARNING: [filemgmt 56-199] Attempt to get parsing info during refresh. "On-the-fly" syntax checking information may be incorrect. [D:\LAB_UIT\Verilog_project\RV32I\code_vivado\Rv32I\Rv32I.srcs\sources_1\new\ex_mem_reg.v:]
WARNING: [filemgmt 56-199] Attempt to get parsing info during refresh. "On-the-fly" syntax checking information may be incorrect. [D:\LAB_UIT\Verilog_project\RV32I\code_vivado\Rv32I\Rv32I.srcs\sources_1\new\alu.v:]
WARNING: [filemgmt 56-199] Attempt to get parsing info during refresh. "On-the-fly" syntax checking information may be incorrect. [D:\LAB_UIT\Verilog_project\RV32I\code_vivado\Rv32I\Rv32I.srcs\sources_1\new\alu_control.v:]
WARNING: [filemgmt 56-199] Attempt to get parsing info during refresh. "On-the-fly" syntax checking information may be incorrect. [D:\LAB_UIT\Verilog_project\RV32I\code_vivado\Rv32I\Rv32I.srcs\sources_1\new\data_mem.v:]
WARNING: [filemgmt 56-199] Attempt to get parsing info during refresh. "On-the-fly" syntax checking information may be incorrect. [D:\LAB_UIT\Verilog_project\RV32I\code_vivado\Rv32I\Rv32I.srcs\sources_1\new\mem_wb_reg.v:]
WARNING: [filemgmt 56-199] Attempt to get parsing info during refresh. "On-the-fly" syntax checking information may be incorrect. [D:\LAB_UIT\Verilog_project\RV32I\code_vivado\Rv32I\Rv32I.srcs\sim_1\new\rv32i.v:]
WARNING: [filemgmt 56-199] Attempt to get parsing info during refresh. "On-the-fly" syntax checking information may be incorrect. [D:\LAB_UIT\Verilog_project\RV32I\code_vivado\Rv32I\Rv32I.srcs\sources_1\new\imm_gen.v:]
WARNING: [filemgmt 56-199] Attempt to get parsing info during refresh. "On-the-fly" syntax checking information may be incorrect. [D:\LAB_UIT\Verilog_project\RV32I\code_vivado\Rv32I\Rv32I.srcs\sources_1\new\imm_gen.v:]
WARNING: [filemgmt 56-199] Attempt to get parsing info during refresh. "On-the-fly" syntax checking information may be incorrect. [D:\LAB_UIT\Verilog_project\RV32I\code_vivado\Rv32I\Rv32I.srcs\sources_1\new\imm_gen.v:]
WARNING: [filemgmt 56-199] Attempt to get parsing info during refresh. "On-the-fly" syntax checking information may be incorrect. [D:\LAB_UIT\Verilog_project\RV32I\code_vivado\Rv32I\Rv32I.srcs\sources_1\new\hazard_unit.v:]
WARNING: [filemgmt 56-199] Attempt to get parsing info during refresh. "On-the-fly" syntax checking information may be incorrect. [D:\LAB_UIT\Verilog_project\RV32I\code_vivado\Rv32I\Rv32I.srcs\sources_1\new\id_ex_reg.v:]
INFO: [Common 17-14] Message 'filemgmt 56-199' appears 100 times and further instances of the messages will be disabled. Use the Tcl command set_msg_config to change the current settings.
ERROR: [Common 17-180] Spawn failed: No error
ERROR: [Common 17-180] Spawn failed: No error
ERROR: [Common 17-180] Spawn failed: No error
ERROR: [Common 17-180] Spawn failed: No error
ERROR: [Common 17-180] Spawn failed: No error
ERROR: [Common 17-180] Spawn failed: No error
ERROR: [Common 17-180] Spawn failed: No error
WARNING: [filemgmt 56-199] Attempt to get parsing info during refresh. "On-the-fly" syntax checking information may be incorrect. [D:\LAB_UIT\Verilog_project\RV32I\code_vivado\Rv32I\Rv32I.srcs\sources_1\new\hazard_unit.v:]
WARNING: [filemgmt 56-199] Attempt to get parsing info during refresh. "On-the-fly" syntax checking information may be incorrect. [D:\LAB_UIT\Verilog_project\RV32I\code_vivado\Rv32I\Rv32I.srcs\sources_1\new\id_ex_reg.v:]
WARNING: [filemgmt 56-199] Attempt to get parsing info during refresh. "On-the-fly" syntax checking information may be incorrect. [D:\LAB_UIT\Verilog_project\RV32I\code_vivado\Rv32I\Rv32I.srcs\sources_1\new\control_unit.v:]
WARNING: [filemgmt 56-199] Attempt to get parsing info during refresh. "On-the-fly" syntax checking information may be incorrect. [D:\LAB_UIT\Verilog_project\RV32I\code_vivado\Rv32I\Rv32I.srcs\sources_1\new\forwarding_unit.v:]
WARNING: [filemgmt 56-199] Attempt to get parsing info during refresh. "On-the-fly" syntax checking information may be incorrect. [D:\LAB_UIT\Verilog_project\RV32I\code_vivado\Rv32I\Rv32I.srcs\sources_1\new\riscv_top.v:]
WARNING: [filemgmt 56-199] Attempt to get parsing info during refresh. "On-the-fly" syntax checking information may be incorrect. [D:\LAB_UIT\Verilog_project\RV32I\code_vivado\Rv32I\Rv32I.srcs\sources_1\new\ex_mem_reg.v:]
WARNING: [filemgmt 56-199] Attempt to get parsing info during refresh. "On-the-fly" syntax checking information may be incorrect. [D:\LAB_UIT\Verilog_project\RV32I\code_vivado\Rv32I\Rv32I.srcs\sources_1\new\alu.v:]
WARNING: [filemgmt 56-199] Attempt to get parsing info during refresh. "On-the-fly" syntax checking information may be incorrect. [D:\LAB_UIT\Verilog_project\RV32I\code_vivado\Rv32I\Rv32I.srcs\sources_1\new\alu_control.v:]
WARNING: [filemgmt 56-199] Attempt to get parsing info during refresh. "On-the-fly" syntax checking information may be incorrect. [D:\LAB_UIT\Verilog_project\RV32I\code_vivado\Rv32I\Rv32I.srcs\sources_1\new\data_mem.v:]
WARNING: [filemgmt 56-199] Attempt to get parsing info during refresh. "On-the-fly" syntax checking information may be incorrect. [D:\LAB_UIT\Verilog_project\RV32I\code_vivado\Rv32I\Rv32I.srcs\sources_1\new\mem_wb_reg.v:]
WARNING: [filemgmt 56-199] Attempt to get parsing info during refresh. "On-the-fly" syntax checking information may be incorrect. [D:\LAB_UIT\Verilog_project\RV32I\code_vivado\Rv32I\Rv32I.srcs\sim_1\new\rv32i.v:]
WARNING: [filemgmt 56-199] Attempt to get parsing info during refresh. "On-the-fly" syntax checking information may be incorrect. [D:\LAB_UIT\Verilog_project\RV32I\code_vivado\Rv32I\Rv32I.srcs\sources_1\new\imm_gen.v:]
WARNING: [filemgmt 56-199] Attempt to get parsing info during refresh. "On-the-fly" syntax checking information may be incorrect. [D:\LAB_UIT\Verilog_project\RV32I\code_vivado\Rv32I\Rv32I.srcs\sources_1\new\riscv_top.v:]
WARNING: [filemgmt 56-199] Attempt to get parsing info during refresh. "On-the-fly" syntax checking information may be incorrect. [D:\LAB_UIT\Verilog_project\RV32I\code_vivado\Rv32I\Rv32I.srcs\sources_1\new\riscv_top.v:]
WARNING: [filemgmt 56-199] Attempt to get parsing info during refresh. "On-the-fly" syntax checking information may be incorrect. [D:\LAB_UIT\Verilog_project\RV32I\code_vivado\Rv32I\Rv32I.srcs\sources_1\new\hazard_unit.v:]
WARNING: [filemgmt 56-199] Attempt to get parsing info during refresh. "On-the-fly" syntax checking information may be incorrect. [D:\LAB_UIT\Verilog_project\RV32I\code_vivado\Rv32I\Rv32I.srcs\sources_1\new\id_ex_reg.v:]
WARNING: [filemgmt 56-199] Attempt to get parsing info during refresh. "On-the-fly" syntax checking information may be incorrect. [D:\LAB_UIT\Verilog_project\RV32I\code_vivado\Rv32I\Rv32I.srcs\sources_1\new\control_unit.v:]
WARNING: [filemgmt 56-199] Attempt to get parsing info during refresh. "On-the-fly" syntax checking information may be incorrect. [D:\LAB_UIT\Verilog_project\RV32I\code_vivado\Rv32I\Rv32I.srcs\sources_1\new\forwarding_unit.v:]
WARNING: [filemgmt 56-199] Attempt to get parsing info during refresh. "On-the-fly" syntax checking information may be incorrect. [D:\LAB_UIT\Verilog_project\RV32I\code_vivado\Rv32I\Rv32I.srcs\sources_1\new\riscv_top.v:]
WARNING: [filemgmt 56-199] Attempt to get parsing info during refresh. "On-the-fly" syntax checking information may be incorrect. [D:\LAB_UIT\Verilog_project\RV32I\code_vivado\Rv32I\Rv32I.srcs\sources_1\new\ex_mem_reg.v:]
WARNING: [filemgmt 56-199] Attempt to get parsing info during refresh. "On-the-fly" syntax checking information may be incorrect. [D:\LAB_UIT\Verilog_project\RV32I\code_vivado\Rv32I\Rv32I.srcs\sources_1\new\alu.v:]
WARNING: [filemgmt 56-199] Attempt to get parsing info during refresh. "On-the-fly" syntax checking information may be incorrect. [D:\LAB_UIT\Verilog_project\RV32I\code_vivado\Rv32I\Rv32I.srcs\sources_1\new\alu_control.v:]
WARNING: [filemgmt 56-199] Attempt to get parsing info during refresh. "On-the-fly" syntax checking information may be incorrect. [D:\LAB_UIT\Verilog_project\RV32I\code_vivado\Rv32I\Rv32I.srcs\sources_1\new\data_mem.v:]
WARNING: [filemgmt 56-199] Attempt to get parsing info during refresh. "On-the-fly" syntax checking information may be incorrect. [D:\LAB_UIT\Verilog_project\RV32I\code_vivado\Rv32I\Rv32I.srcs\sources_1\new\mem_wb_reg.v:]
WARNING: [filemgmt 56-199] Attempt to get parsing info during refresh. "On-the-fly" syntax checking information may be incorrect. [D:\LAB_UIT\Verilog_project\RV32I\code_vivado\Rv32I\Rv32I.srcs\sim_1\new\rv32i.v:]
WARNING: [filemgmt 56-199] Attempt to get parsing info during refresh. "On-the-fly" syntax checking information may be incorrect. [D:\LAB_UIT\Verilog_project\RV32I\code_vivado\Rv32I\Rv32I.srcs\sources_1\new\imm_gen.v:]
WARNING: [filemgmt 56-199] Attempt to get parsing info during refresh. "On-the-fly" syntax checking information may be incorrect. [D:\LAB_UIT\Verilog_project\RV32I\code_vivado\Rv32I\Rv32I.srcs\sources_1\new\ex_mem_reg.v:]
WARNING: [filemgmt 56-199] Attempt to get parsing info during refresh. "On-the-fly" syntax checking information may be incorrect. [D:\LAB_UIT\Verilog_project\RV32I\code_vivado\Rv32I\Rv32I.srcs\sources_1\new\ex_mem_reg.v:]
WARNING: [filemgmt 56-199] Attempt to get parsing info during refresh. "On-the-fly" syntax checking information may be incorrect. [D:\LAB_UIT\Verilog_project\RV32I\code_vivado\Rv32I\Rv32I.srcs\sources_1\new\hazard_unit.v:]
WARNING: [filemgmt 56-199] Attempt to get parsing info during refresh. "On-the-fly" syntax checking information may be incorrect. [D:\LAB_UIT\Verilog_project\RV32I\code_vivado\Rv32I\Rv32I.srcs\sources_1\new\id_ex_reg.v:]
WARNING: [filemgmt 56-199] Attempt to get parsing info during refresh. "On-the-fly" syntax checking information may be incorrect. [D:\LAB_UIT\Verilog_project\RV32I\code_vivado\Rv32I\Rv32I.srcs\sources_1\new\control_unit.v:]
WARNING: [filemgmt 56-199] Attempt to get parsing info during refresh. "On-the-fly" syntax checking information may be incorrect. [D:\LAB_UIT\Verilog_project\RV32I\code_vivado\Rv32I\Rv32I.srcs\sources_1\new\forwarding_unit.v:]
WARNING: [filemgmt 56-199] Attempt to get parsing info during refresh. "On-the-fly" syntax checking information may be incorrect. [D:\LAB_UIT\Verilog_project\RV32I\code_vivado\Rv32I\Rv32I.srcs\sources_1\new\riscv_top.v:]
WARNING: [filemgmt 56-199] Attempt to get parsing info during refresh. "On-the-fly" syntax checking information may be incorrect. [D:\LAB_UIT\Verilog_project\RV32I\code_vivado\Rv32I\Rv32I.srcs\sources_1\new\ex_mem_reg.v:]
WARNING: [filemgmt 56-199] Attempt to get parsing info during refresh. "On-the-fly" syntax checking information may be incorrect. [D:\LAB_UIT\Verilog_project\RV32I\code_vivado\Rv32I\Rv32I.srcs\sources_1\new\alu.v:]
WARNING: [filemgmt 56-199] Attempt to get parsing info during refresh. "On-the-fly" syntax checking information may be incorrect. [D:\LAB_UIT\Verilog_project\RV32I\code_vivado\Rv32I\Rv32I.srcs\sources_1\new\alu_control.v:]
WARNING: [filemgmt 56-199] Attempt to get parsing info during refresh. "On-the-fly" syntax checking information may be incorrect. [D:\LAB_UIT\Verilog_project\RV32I\code_vivado\Rv32I\Rv32I.srcs\sources_1\new\data_mem.v:]
WARNING: [filemgmt 56-199] Attempt to get parsing info during refresh. "On-the-fly" syntax checking information may be incorrect. [D:\LAB_UIT\Verilog_project\RV32I\code_vivado\Rv32I\Rv32I.srcs\sources_1\new\mem_wb_reg.v:]
WARNING: [filemgmt 56-199] Attempt to get parsing info during refresh. "On-the-fly" syntax checking information may be incorrect. [D:\LAB_UIT\Verilog_project\RV32I\code_vivado\Rv32I\Rv32I.srcs\sim_1\new\rv32i.v:]
WARNING: [filemgmt 56-199] Attempt to get parsing info during refresh. "On-the-fly" syntax checking information may be incorrect. [D:\LAB_UIT\Verilog_project\RV32I\code_vivado\Rv32I\Rv32I.srcs\sources_1\new\imm_gen.v:]
WARNING: [filemgmt 56-199] Attempt to get parsing info during refresh. "On-the-fly" syntax checking information may be incorrect. [D:\LAB_UIT\Verilog_project\RV32I\code_vivado\Rv32I\Rv32I.srcs\sources_1\new\hazard_unit.v:]
WARNING: [filemgmt 56-199] Attempt to get parsing info during refresh. "On-the-fly" syntax checking information may be incorrect. [D:\LAB_UIT\Verilog_project\RV32I\code_vivado\Rv32I\Rv32I.srcs\sources_1\new\hazard_unit.v:]
WARNING: [filemgmt 56-199] Attempt to get parsing info during refresh. "On-the-fly" syntax checking information may be incorrect. [D:\LAB_UIT\Verilog_project\RV32I\code_vivado\Rv32I\Rv32I.srcs\sources_1\new\hazard_unit.v:]
WARNING: [filemgmt 56-199] Attempt to get parsing info during refresh. "On-the-fly" syntax checking information may be incorrect. [D:\LAB_UIT\Verilog_project\RV32I\code_vivado\Rv32I\Rv32I.srcs\sources_1\new\id_ex_reg.v:]
WARNING: [filemgmt 56-199] Attempt to get parsing info during refresh. "On-the-fly" syntax checking information may be incorrect. [D:\LAB_UIT\Verilog_project\RV32I\code_vivado\Rv32I\Rv32I.srcs\sources_1\new\control_unit.v:]
WARNING: [filemgmt 56-199] Attempt to get parsing info during refresh. "On-the-fly" syntax checking information may be incorrect. [D:\LAB_UIT\Verilog_project\RV32I\code_vivado\Rv32I\Rv32I.srcs\sources_1\new\forwarding_unit.v:]
WARNING: [filemgmt 56-199] Attempt to get parsing info during refresh. "On-the-fly" syntax checking information may be incorrect. [D:\LAB_UIT\Verilog_project\RV32I\code_vivado\Rv32I\Rv32I.srcs\sources_1\new\riscv_top.v:]
WARNING: [filemgmt 56-199] Attempt to get parsing info during refresh. "On-the-fly" syntax checking information may be incorrect. [D:\LAB_UIT\Verilog_project\RV32I\code_vivado\Rv32I\Rv32I.srcs\sources_1\new\ex_mem_reg.v:]
WARNING: [filemgmt 56-199] Attempt to get parsing info during refresh. "On-the-fly" syntax checking information may be incorrect. [D:\LAB_UIT\Verilog_project\RV32I\code_vivado\Rv32I\Rv32I.srcs\sources_1\new\alu.v:]
WARNING: [filemgmt 56-199] Attempt to get parsing info during refresh. "On-the-fly" syntax checking information may be incorrect. [D:\LAB_UIT\Verilog_project\RV32I\code_vivado\Rv32I\Rv32I.srcs\sources_1\new\alu_control.v:]
WARNING: [filemgmt 56-199] Attempt to get parsing info during refresh. "On-the-fly" syntax checking information may be incorrect. [D:\LAB_UIT\Verilog_project\RV32I\code_vivado\Rv32I\Rv32I.srcs\sources_1\new\data_mem.v:]
WARNING: [filemgmt 56-199] Attempt to get parsing info during refresh. "On-the-fly" syntax checking information may be incorrect. [D:\LAB_UIT\Verilog_project\RV32I\code_vivado\Rv32I\Rv32I.srcs\sources_1\new\mem_wb_reg.v:]
WARNING: [filemgmt 56-199] Attempt to get parsing info during refresh. "On-the-fly" syntax checking information may be incorrect. [D:\LAB_UIT\Verilog_project\RV32I\code_vivado\Rv32I\Rv32I.srcs\sim_1\new\rv32i.v:]
WARNING: [filemgmt 56-199] Attempt to get parsing info during refresh. "On-the-fly" syntax checking information may be incorrect. [D:\LAB_UIT\Verilog_project\RV32I\code_vivado\Rv32I\Rv32I.srcs\sources_1\new\imm_gen.v:]
WARNING: [filemgmt 56-199] Attempt to get parsing info during refresh. "On-the-fly" syntax checking information may be incorrect. [D:\LAB_UIT\Verilog_project\RV32I\code_vivado\Rv32I\Rv32I.srcs\sources_1\new\control_unit.v:]
WARNING: [filemgmt 56-199] Attempt to get parsing info during refresh. "On-the-fly" syntax checking information may be incorrect. [D:\LAB_UIT\Verilog_project\RV32I\code_vivado\Rv32I\Rv32I.srcs\sources_1\new\control_unit.v:]
WARNING: [filemgmt 56-199] Attempt to get parsing info during refresh. "On-the-fly" syntax checking information may be incorrect. [D:\LAB_UIT\Verilog_project\RV32I\code_vivado\Rv32I\Rv32I.srcs\sources_1\new\hazard_unit.v:]
WARNING: [filemgmt 56-199] Attempt to get parsing info during refresh. "On-the-fly" syntax checking information may be incorrect. [D:\LAB_UIT\Verilog_project\RV32I\code_vivado\Rv32I\Rv32I.srcs\sources_1\new\id_ex_reg.v:]
WARNING: [filemgmt 56-199] Attempt to get parsing info during refresh. "On-the-fly" syntax checking information may be incorrect. [D:\LAB_UIT\Verilog_project\RV32I\code_vivado\Rv32I\Rv32I.srcs\sources_1\new\control_unit.v:]
WARNING: [filemgmt 56-199] Attempt to get parsing info during refresh. "On-the-fly" syntax checking information may be incorrect. [D:\LAB_UIT\Verilog_project\RV32I\code_vivado\Rv32I\Rv32I.srcs\sources_1\new\forwarding_unit.v:]
WARNING: [filemgmt 56-199] Attempt to get parsing info during refresh. "On-the-fly" syntax checking information may be incorrect. [D:\LAB_UIT\Verilog_project\RV32I\code_vivado\Rv32I\Rv32I.srcs\sources_1\new\riscv_top.v:]
WARNING: [filemgmt 56-199] Attempt to get parsing info during refresh. "On-the-fly" syntax checking information may be incorrect. [D:\LAB_UIT\Verilog_project\RV32I\code_vivado\Rv32I\Rv32I.srcs\sources_1\new\ex_mem_reg.v:]
WARNING: [filemgmt 56-199] Attempt to get parsing info during refresh. "On-the-fly" syntax checking information may be incorrect. [D:\LAB_UIT\Verilog_project\RV32I\code_vivado\Rv32I\Rv32I.srcs\sources_1\new\alu.v:]
WARNING: [filemgmt 56-199] Attempt to get parsing info during refresh. "On-the-fly" syntax checking information may be incorrect. [D:\LAB_UIT\Verilog_project\RV32I\code_vivado\Rv32I\Rv32I.srcs\sources_1\new\alu_control.v:]
WARNING: [filemgmt 56-199] Attempt to get parsing info during refresh. "On-the-fly" syntax checking information may be incorrect. [D:\LAB_UIT\Verilog_project\RV32I\code_vivado\Rv32I\Rv32I.srcs\sources_1\new\data_mem.v:]
WARNING: [filemgmt 56-199] Attempt to get parsing info during refresh. "On-the-fly" syntax checking information may be incorrect. [D:\LAB_UIT\Verilog_project\RV32I\code_vivado\Rv32I\Rv32I.srcs\sources_1\new\mem_wb_reg.v:]
WARNING: [filemgmt 56-199] Attempt to get parsing info during refresh. "On-the-fly" syntax checking information may be incorrect. [D:\LAB_UIT\Verilog_project\RV32I\code_vivado\Rv32I\Rv32I.srcs\sim_1\new\rv32i.v:]
WARNING: [filemgmt 56-199] Attempt to get parsing info during refresh. "On-the-fly" syntax checking information may be incorrect. [D:\LAB_UIT\Verilog_project\RV32I\code_vivado\Rv32I\Rv32I.srcs\sources_1\new\imm_gen.v:]
WARNING: [filemgmt 56-199] Attempt to get parsing info during refresh. "On-the-fly" syntax checking information may be incorrect. [D:\LAB_UIT\Verilog_project\RV32I\code_vivado\Rv32I\Rv32I.srcs\sources_1\new\id_ex_reg.v:]
WARNING: [filemgmt 56-199] Attempt to get parsing info during refresh. "On-the-fly" syntax checking information may be incorrect. [D:\LAB_UIT\Verilog_project\RV32I\code_vivado\Rv32I\Rv32I.srcs\sources_1\new\id_ex_reg.v:]
launch_simulation
Command: launch_simulation 
INFO: [Vivado 12-12493] Simulation top is 'tb_riscv'
WARNING: [Vivado 12-13340] Unable to auto find GCC executables from simulator install path! (path not set)
INFO: [Vivado 12-5682] Launching behavioral simulation in 'D:/LAB_UIT/Verilog_project/RV32I/code_vivado/Rv32I/Rv32I.sim/sim_1/behav/xsim'
INFO: [SIM-utils-51] Simulation object is 'sim_1'
INFO: [SIM-utils-72] Using boost library from 'D:/vivado/Vivado/2024.2/tps/boost_1_72_0'
WARNING: [filemgmt 56-199] Attempt to get parsing info during refresh. "On-the-fly" syntax checking information may be incorrect. [D:\LAB_UIT\Verilog_project\RV32I\code_vivado\Rv32I\Rv32I.srcs\sources_1\new\hazard_unit.v:]
WARNING: [filemgmt 56-199] Attempt to get parsing info during refresh. "On-the-fly" syntax checking information may be incorrect. [D:\LAB_UIT\Verilog_project\RV32I\code_vivado\Rv32I\Rv32I.srcs\sources_1\new\id_ex_reg.v:]
WARNING: [filemgmt 56-199] Attempt to get parsing info during refresh. "On-the-fly" syntax checking information may be incorrect. [D:\LAB_UIT\Verilog_project\RV32I\code_vivado\Rv32I\Rv32I.srcs\sources_1\new\control_unit.v:]
WARNING: [filemgmt 56-199] Attempt to get parsing info during refresh. "On-the-fly" syntax checking information may be incorrect. [D:\LAB_UIT\Verilog_project\RV32I\code_vivado\Rv32I\Rv32I.srcs\sources_1\new\forwarding_unit.v:]
WARNING: [filemgmt 56-199] Attempt to get parsing info during refresh. "On-the-fly" syntax checking information may be incorrect. [D:\LAB_UIT\Verilog_project\RV32I\code_vivado\Rv32I\Rv32I.srcs\sources_1\new\riscv_top.v:]
WARNING: [filemgmt 56-199] Attempt to get parsing info during refresh. "On-the-fly" syntax checking information may be incorrect. [D:\LAB_UIT\Verilog_project\RV32I\code_vivado\Rv32I\Rv32I.srcs\sources_1\new\ex_mem_reg.v:]
WARNING: [filemgmt 56-199] Attempt to get parsing info during refresh. "On-the-fly" syntax checking information may be incorrect. [D:\LAB_UIT\Verilog_project\RV32I\code_vivado\Rv32I\Rv32I.srcs\sources_1\new\alu.v:]
WARNING: [filemgmt 56-199] Attempt to get parsing info during refresh. "On-the-fly" syntax checking information may be incorrect. [D:\LAB_UIT\Verilog_project\RV32I\code_vivado\Rv32I\Rv32I.srcs\sources_1\new\alu_control.v:]
WARNING: [filemgmt 56-199] Attempt to get parsing info during refresh. "On-the-fly" syntax checking information may be incorrect. [D:\LAB_UIT\Verilog_project\RV32I\code_vivado\Rv32I\Rv32I.srcs\sources_1\new\data_mem.v:]
WARNING: [filemgmt 56-199] Attempt to get parsing info during refresh. "On-the-fly" syntax checking information may be incorrect. [D:\LAB_UIT\Verilog_project\RV32I\code_vivado\Rv32I\Rv32I.srcs\sources_1\new\mem_wb_reg.v:]
WARNING: [filemgmt 56-199] Attempt to get parsing info during refresh. "On-the-fly" syntax checking information may be incorrect. [D:\LAB_UIT\Verilog_project\RV32I\code_vivado\Rv32I\Rv32I.srcs\sim_1\new\rv32i.v:]
WARNING: [filemgmt 56-199] Attempt to get parsing info during refresh. "On-the-fly" syntax checking information may be incorrect. [D:\LAB_UIT\Verilog_project\RV32I\code_vivado\Rv32I\Rv32I.srcs\sources_1\new\imm_gen.v:]
WARNING: [filemgmt 56-199] Attempt to get parsing info during refresh. "On-the-fly" syntax checking information may be incorrect. [D:\LAB_UIT\Verilog_project\RV32I\code_vivado\Rv32I\Rv32I.srcs\sources_1\new\alu_control.v:]
WARNING: [filemgmt 56-199] Attempt to get parsing info during refresh. "On-the-fly" syntax checking information may be incorrect. [D:\LAB_UIT\Verilog_project\RV32I\code_vivado\Rv32I\Rv32I.srcs\sources_1\new\alu_control.v:]
ERROR: [Common 17-180] Spawn failed: No error
WARNING: [filemgmt 56-199] Attempt to get parsing info during refresh. "On-the-fly" syntax checking information may be incorrect. [D:\LAB_UIT\Verilog_project\RV32I\code_vivado\Rv32I\Rv32I.srcs\sources_1\new\hazard_unit.v:]
WARNING: [filemgmt 56-199] Attempt to get parsing info during refresh. "On-the-fly" syntax checking information may be incorrect. [D:\LAB_UIT\Verilog_project\RV32I\code_vivado\Rv32I\Rv32I.srcs\sources_1\new\id_ex_reg.v:]
WARNING: [filemgmt 56-199] Attempt to get parsing info during refresh. "On-the-fly" syntax checking information may be incorrect. [D:\LAB_UIT\Verilog_project\RV32I\code_vivado\Rv32I\Rv32I.srcs\sources_1\new\control_unit.v:]
WARNING: [filemgmt 56-199] Attempt to get parsing info during refresh. "On-the-fly" syntax checking information may be incorrect. [D:\LAB_UIT\Verilog_project\RV32I\code_vivado\Rv32I\Rv32I.srcs\sources_1\new\forwarding_unit.v:]
WARNING: [filemgmt 56-199] Attempt to get parsing info during refresh. "On-the-fly" syntax checking information may be incorrect. [D:\LAB_UIT\Verilog_project\RV32I\code_vivado\Rv32I\Rv32I.srcs\sources_1\new\riscv_top.v:]
WARNING: [filemgmt 56-199] Attempt to get parsing info during refresh. "On-the-fly" syntax checking information may be incorrect. [D:\LAB_UIT\Verilog_project\RV32I\code_vivado\Rv32I\Rv32I.srcs\sources_1\new\ex_mem_reg.v:]
WARNING: [filemgmt 56-199] Attempt to get parsing info during refresh. "On-the-fly" syntax checking information may be incorrect. [D:\LAB_UIT\Verilog_project\RV32I\code_vivado\Rv32I\Rv32I.srcs\sources_1\new\alu.v:]
WARNING: [filemgmt 56-199] Attempt to get parsing info during refresh. "On-the-fly" syntax checking information may be incorrect. [D:\LAB_UIT\Verilog_project\RV32I\code_vivado\Rv32I\Rv32I.srcs\sources_1\new\alu_control.v:]
WARNING: [filemgmt 56-199] Attempt to get parsing info during refresh. "On-the-fly" syntax checking information may be incorrect. [D:\LAB_UIT\Verilog_project\RV32I\code_vivado\Rv32I\Rv32I.srcs\sources_1\new\data_mem.v:]
WARNING: [filemgmt 56-199] Attempt to get parsing info during refresh. "On-the-fly" syntax checking information may be incorrect. [D:\LAB_UIT\Verilog_project\RV32I\code_vivado\Rv32I\Rv32I.srcs\sources_1\new\mem_wb_reg.v:]
WARNING: [filemgmt 56-199] Attempt to get parsing info during refresh. "On-the-fly" syntax checking information may be incorrect. [D:\LAB_UIT\Verilog_project\RV32I\code_vivado\Rv32I\Rv32I.srcs\sim_1\new\rv32i.v:]
WARNING: [filemgmt 56-199] Attempt to get parsing info during refresh. "On-the-fly" syntax checking information may be incorrect. [D:\LAB_UIT\Verilog_project\RV32I\code_vivado\Rv32I\Rv32I.srcs\sources_1\new\imm_gen.v:]
WARNING: [filemgmt 56-199] Attempt to get parsing info during refresh. "On-the-fly" syntax checking information may be incorrect. [D:\LAB_UIT\Verilog_project\RV32I\code_vivado\Rv32I\Rv32I.srcs\sources_1\new\data_mem.v:]
WARNING: [filemgmt 56-199] Attempt to get parsing info during refresh. "On-the-fly" syntax checking information may be incorrect. [D:\LAB_UIT\Verilog_project\RV32I\code_vivado\Rv32I\Rv32I.srcs\sources_1\new\data_mem.v:]
ERROR: [Common 17-180] Spawn failed: No error
WARNING: [filemgmt 56-199] Attempt to get parsing info during refresh. "On-the-fly" syntax checking information may be incorrect. [D:\LAB_UIT\Verilog_project\RV32I\code_vivado\Rv32I\Rv32I.srcs\sources_1\new\hazard_unit.v:]
WARNING: [filemgmt 56-199] Attempt to get parsing info during refresh. "On-the-fly" syntax checking information may be incorrect. [D:\LAB_UIT\Verilog_project\RV32I\code_vivado\Rv32I\Rv32I.srcs\sources_1\new\id_ex_reg.v:]
WARNING: [filemgmt 56-199] Attempt to get parsing info during refresh. "On-the-fly" syntax checking information may be incorrect. [D:\LAB_UIT\Verilog_project\RV32I\code_vivado\Rv32I\Rv32I.srcs\sources_1\new\control_unit.v:]
WARNING: [filemgmt 56-199] Attempt to get parsing info during refresh. "On-the-fly" syntax checking information may be incorrect. [D:\LAB_UIT\Verilog_project\RV32I\code_vivado\Rv32I\Rv32I.srcs\sources_1\new\forwarding_unit.v:]
WARNING: [filemgmt 56-199] Attempt to get parsing info during refresh. "On-the-fly" syntax checking information may be incorrect. [D:\LAB_UIT\Verilog_project\RV32I\code_vivado\Rv32I\Rv32I.srcs\sources_1\new\riscv_top.v:]
WARNING: [filemgmt 56-199] Attempt to get parsing info during refresh. "On-the-fly" syntax checking information may be incorrect. [D:\LAB_UIT\Verilog_project\RV32I\code_vivado\Rv32I\Rv32I.srcs\sources_1\new\ex_mem_reg.v:]
WARNING: [filemgmt 56-199] Attempt to get parsing info during refresh. "On-the-fly" syntax checking information may be incorrect. [D:\LAB_UIT\Verilog_project\RV32I\code_vivado\Rv32I\Rv32I.srcs\sources_1\new\alu.v:]
WARNING: [filemgmt 56-199] Attempt to get parsing info during refresh. "On-the-fly" syntax checking information may be incorrect. [D:\LAB_UIT\Verilog_project\RV32I\code_vivado\Rv32I\Rv32I.srcs\sources_1\new\alu_control.v:]
WARNING: [filemgmt 56-199] Attempt to get parsing info during refresh. "On-the-fly" syntax checking information may be incorrect. [D:\LAB_UIT\Verilog_project\RV32I\code_vivado\Rv32I\Rv32I.srcs\sources_1\new\data_mem.v:]
WARNING: [filemgmt 56-199] Attempt to get parsing info during refresh. "On-the-fly" syntax checking information may be incorrect. [D:\LAB_UIT\Verilog_project\RV32I\code_vivado\Rv32I\Rv32I.srcs\sources_1\new\mem_wb_reg.v:]
WARNING: [filemgmt 56-199] Attempt to get parsing info during refresh. "On-the-fly" syntax checking information may be incorrect. [D:\LAB_UIT\Verilog_project\RV32I\code_vivado\Rv32I\Rv32I.srcs\sim_1\new\rv32i.v:]
WARNING: [filemgmt 56-199] Attempt to get parsing info during refresh. "On-the-fly" syntax checking information may be incorrect. [D:\LAB_UIT\Verilog_project\RV32I\code_vivado\Rv32I\Rv32I.srcs\sources_1\new\imm_gen.v:]
WARNING: [filemgmt 56-199] Attempt to get parsing info during refresh. "On-the-fly" syntax checking information may be incorrect. [D:\LAB_UIT\Verilog_project\RV32I\code_vivado\Rv32I\Rv32I.srcs\sim_1\new\rv32i.v:]
WARNING: [filemgmt 56-199] Attempt to get parsing info during refresh. "On-the-fly" syntax checking information may be incorrect. [D:\LAB_UIT\Verilog_project\RV32I\code_vivado\Rv32I\Rv32I.srcs\sim_1\new\rv32i.v:]
ERROR: [Common 17-180] Spawn failed: No error
WARNING: [filemgmt 56-199] Attempt to get parsing info during refresh. "On-the-fly" syntax checking information may be incorrect. [D:\LAB_UIT\Verilog_project\RV32I\code_vivado\Rv32I\Rv32I.srcs\sources_1\new\hazard_unit.v:]
WARNING: [filemgmt 56-199] Attempt to get parsing info during refresh. "On-the-fly" syntax checking information may be incorrect. [D:\LAB_UIT\Verilog_project\RV32I\code_vivado\Rv32I\Rv32I.srcs\sources_1\new\id_ex_reg.v:]
WARNING: [filemgmt 56-199] Attempt to get parsing info during refresh. "On-the-fly" syntax checking information may be incorrect. [D:\LAB_UIT\Verilog_project\RV32I\code_vivado\Rv32I\Rv32I.srcs\sources_1\new\control_unit.v:]
WARNING: [filemgmt 56-199] Attempt to get parsing info during refresh. "On-the-fly" syntax checking information may be incorrect. [D:\LAB_UIT\Verilog_project\RV32I\code_vivado\Rv32I\Rv32I.srcs\sources_1\new\forwarding_unit.v:]
WARNING: [filemgmt 56-199] Attempt to get parsing info during refresh. "On-the-fly" syntax checking information may be incorrect. [D:\LAB_UIT\Verilog_project\RV32I\code_vivado\Rv32I\Rv32I.srcs\sources_1\new\riscv_top.v:]
WARNING: [filemgmt 56-199] Attempt to get parsing info during refresh. "On-the-fly" syntax checking information may be incorrect. [D:\LAB_UIT\Verilog_project\RV32I\code_vivado\Rv32I\Rv32I.srcs\sources_1\new\ex_mem_reg.v:]
WARNING: [filemgmt 56-199] Attempt to get parsing info during refresh. "On-the-fly" syntax checking information may be incorrect. [D:\LAB_UIT\Verilog_project\RV32I\code_vivado\Rv32I\Rv32I.srcs\sources_1\new\alu.v:]
WARNING: [filemgmt 56-199] Attempt to get parsing info during refresh. "On-the-fly" syntax checking information may be incorrect. [D:\LAB_UIT\Verilog_project\RV32I\code_vivado\Rv32I\Rv32I.srcs\sources_1\new\alu_control.v:]
WARNING: [filemgmt 56-199] Attempt to get parsing info during refresh. "On-the-fly" syntax checking information may be incorrect. [D:\LAB_UIT\Verilog_project\RV32I\code_vivado\Rv32I\Rv32I.srcs\sources_1\new\data_mem.v:]
WARNING: [filemgmt 56-199] Attempt to get parsing info during refresh. "On-the-fly" syntax checking information may be incorrect. [D:\LAB_UIT\Verilog_project\RV32I\code_vivado\Rv32I\Rv32I.srcs\sources_1\new\mem_wb_reg.v:]
WARNING: [filemgmt 56-199] Attempt to get parsing info during refresh. "On-the-fly" syntax checking information may be incorrect. [D:\LAB_UIT\Verilog_project\RV32I\code_vivado\Rv32I\Rv32I.srcs\sim_1\new\rv32i.v:]
WARNING: [filemgmt 56-199] Attempt to get parsing info during refresh. "On-the-fly" syntax checking information may be incorrect. [D:\LAB_UIT\Verilog_project\RV32I\code_vivado\Rv32I\Rv32I.srcs\sources_1\new\imm_gen.v:]
WARNING: [filemgmt 56-199] Attempt to get parsing info during refresh. "On-the-fly" syntax checking information may be incorrect. [D:\LAB_UIT\Verilog_project\RV32I\code_vivado\Rv32I\Rv32I.srcs\sources_1\new\alu.v:]
WARNING: [filemgmt 56-199] Attempt to get parsing info during refresh. "On-the-fly" syntax checking information may be incorrect. [D:\LAB_UIT\Verilog_project\RV32I\code_vivado\Rv32I\Rv32I.srcs\sources_1\new\alu.v:]
ERROR: [Common 17-180] Spawn failed: No error
WARNING: [filemgmt 56-199] Attempt to get parsing info during refresh. "On-the-fly" syntax checking information may be incorrect. [D:\LAB_UIT\Verilog_project\RV32I\code_vivado\Rv32I\Rv32I.srcs\sources_1\new\hazard_unit.v:]
WARNING: [filemgmt 56-199] Attempt to get parsing info during refresh. "On-the-fly" syntax checking information may be incorrect. [D:\LAB_UIT\Verilog_project\RV32I\code_vivado\Rv32I\Rv32I.srcs\sources_1\new\id_ex_reg.v:]
WARNING: [filemgmt 56-199] Attempt to get parsing info during refresh. "On-the-fly" syntax checking information may be incorrect. [D:\LAB_UIT\Verilog_project\RV32I\code_vivado\Rv32I\Rv32I.srcs\sources_1\new\control_unit.v:]
WARNING: [filemgmt 56-199] Attempt to get parsing info during refresh. "On-the-fly" syntax checking information may be incorrect. [D:\LAB_UIT\Verilog_project\RV32I\code_vivado\Rv32I\Rv32I.srcs\sources_1\new\forwarding_unit.v:]
WARNING: [filemgmt 56-199] Attempt to get parsing info during refresh. "On-the-fly" syntax checking information may be incorrect. [D:\LAB_UIT\Verilog_project\RV32I\code_vivado\Rv32I\Rv32I.srcs\sources_1\new\riscv_top.v:]
WARNING: [filemgmt 56-199] Attempt to get parsing info during refresh. "On-the-fly" syntax checking information may be incorrect. [D:\LAB_UIT\Verilog_project\RV32I\code_vivado\Rv32I\Rv32I.srcs\sources_1\new\ex_mem_reg.v:]
WARNING: [filemgmt 56-199] Attempt to get parsing info during refresh. "On-the-fly" syntax checking information may be incorrect. [D:\LAB_UIT\Verilog_project\RV32I\code_vivado\Rv32I\Rv32I.srcs\sources_1\new\alu.v:]
WARNING: [filemgmt 56-199] Attempt to get parsing info during refresh. "On-the-fly" syntax checking information may be incorrect. [D:\LAB_UIT\Verilog_project\RV32I\code_vivado\Rv32I\Rv32I.srcs\sources_1\new\alu_control.v:]
WARNING: [filemgmt 56-199] Attempt to get parsing info during refresh. "On-the-fly" syntax checking information may be incorrect. [D:\LAB_UIT\Verilog_project\RV32I\code_vivado\Rv32I\Rv32I.srcs\sources_1\new\data_mem.v:]
WARNING: [filemgmt 56-199] Attempt to get parsing info during refresh. "On-the-fly" syntax checking information may be incorrect. [D:\LAB_UIT\Verilog_project\RV32I\code_vivado\Rv32I\Rv32I.srcs\sources_1\new\mem_wb_reg.v:]
WARNING: [filemgmt 56-199] Attempt to get parsing info during refresh. "On-the-fly" syntax checking information may be incorrect. [D:\LAB_UIT\Verilog_project\RV32I\code_vivado\Rv32I\Rv32I.srcs\sim_1\new\rv32i.v:]
WARNING: [filemgmt 56-199] Attempt to get parsing info during refresh. "On-the-fly" syntax checking information may be incorrect. [D:\LAB_UIT\Verilog_project\RV32I\code_vivado\Rv32I\Rv32I.srcs\sources_1\new\imm_gen.v:]
WARNING: [filemgmt 56-199] Attempt to get parsing info during refresh. "On-the-fly" syntax checking information may be incorrect. [D:\LAB_UIT\Verilog_project\RV32I\code_vivado\Rv32I\Rv32I.srcs\sources_1\new\imm_gen.v:]
WARNING: [filemgmt 56-199] Attempt to get parsing info during refresh. "On-the-fly" syntax checking information may be incorrect. [D:\LAB_UIT\Verilog_project\RV32I\code_vivado\Rv32I\Rv32I.srcs\sources_1\new\imm_gen.v:]
ERROR: [Common 17-180] Spawn failed: No error
WARNING: [filemgmt 56-199] Attempt to get parsing info during refresh. "On-the-fly" syntax checking information may be incorrect. [D:\LAB_UIT\Verilog_project\RV32I\code_vivado\Rv32I\Rv32I.srcs\sources_1\new\hazard_unit.v:]
WARNING: [filemgmt 56-199] Attempt to get parsing info during refresh. "On-the-fly" syntax checking information may be incorrect. [D:\LAB_UIT\Verilog_project\RV32I\code_vivado\Rv32I\Rv32I.srcs\sources_1\new\id_ex_reg.v:]
WARNING: [filemgmt 56-199] Attempt to get parsing info during refresh. "On-the-fly" syntax checking information may be incorrect. [D:\LAB_UIT\Verilog_project\RV32I\code_vivado\Rv32I\Rv32I.srcs\sources_1\new\control_unit.v:]
WARNING: [filemgmt 56-199] Attempt to get parsing info during refresh. "On-the-fly" syntax checking information may be incorrect. [D:\LAB_UIT\Verilog_project\RV32I\code_vivado\Rv32I\Rv32I.srcs\sources_1\new\forwarding_unit.v:]
WARNING: [filemgmt 56-199] Attempt to get parsing info during refresh. "On-the-fly" syntax checking information may be incorrect. [D:\LAB_UIT\Verilog_project\RV32I\code_vivado\Rv32I\Rv32I.srcs\sources_1\new\riscv_top.v:]
WARNING: [filemgmt 56-199] Attempt to get parsing info during refresh. "On-the-fly" syntax checking information may be incorrect. [D:\LAB_UIT\Verilog_project\RV32I\code_vivado\Rv32I\Rv32I.srcs\sources_1\new\ex_mem_reg.v:]
WARNING: [filemgmt 56-199] Attempt to get parsing info during refresh. "On-the-fly" syntax checking information may be incorrect. [D:\LAB_UIT\Verilog_project\RV32I\code_vivado\Rv32I\Rv32I.srcs\sources_1\new\alu.v:]
WARNING: [filemgmt 56-199] Attempt to get parsing info during refresh. "On-the-fly" syntax checking information may be incorrect. [D:\LAB_UIT\Verilog_project\RV32I\code_vivado\Rv32I\Rv32I.srcs\sources_1\new\alu_control.v:]
WARNING: [filemgmt 56-199] Attempt to get parsing info during refresh. "On-the-fly" syntax checking information may be incorrect. [D:\LAB_UIT\Verilog_project\RV32I\code_vivado\Rv32I\Rv32I.srcs\sources_1\new\data_mem.v:]
WARNING: [filemgmt 56-199] Attempt to get parsing info during refresh. "On-the-fly" syntax checking information may be incorrect. [D:\LAB_UIT\Verilog_project\RV32I\code_vivado\Rv32I\Rv32I.srcs\sources_1\new\mem_wb_reg.v:]
WARNING: [filemgmt 56-199] Attempt to get parsing info during refresh. "On-the-fly" syntax checking information may be incorrect. [D:\LAB_UIT\Verilog_project\RV32I\code_vivado\Rv32I\Rv32I.srcs\sim_1\new\rv32i.v:]
WARNING: [filemgmt 56-199] Attempt to get parsing info during refresh. "On-the-fly" syntax checking information may be incorrect. [D:\LAB_UIT\Verilog_project\RV32I\code_vivado\Rv32I\Rv32I.srcs\sources_1\new\imm_gen.v:]
WARNING: [filemgmt 56-199] Attempt to get parsing info during refresh. "On-the-fly" syntax checking information may be incorrect. [D:\LAB_UIT\Verilog_project\RV32I\code_vivado\Rv32I\Rv32I.srcs\sources_1\new\mem_wb_reg.v:]
WARNING: [filemgmt 56-199] Attempt to get parsing info during refresh. "On-the-fly" syntax checking information may be incorrect. [D:\LAB_UIT\Verilog_project\RV32I\code_vivado\Rv32I\Rv32I.srcs\sources_1\new\mem_wb_reg.v:]
ERROR: [Common 17-39] 'get_xpm_libraries' failed due to earlier errors.

    while executing
"rdi::get_xpm_libraries"
    (procedure "xcs_get_xpm_libraries" line 14)
    invoked from within
"xcs_get_xpm_libraries"
    (procedure "usf_xsim_setup_simulation" line 50)
    invoked from within
"usf_xsim_setup_simulation"
    (procedure "tclapp::xilinx::xsim::setup" line 29)
    invoked from within
"tclapp::xilinx::xsim::setup { -simset sim_1 -mode behavioral -run_dir D:/LAB_UIT/Verilog_project/RV32I/code_vivado/Rv32I/Rv32I.sim/sim_1/behav/xsim -i..."
ERROR: [Vivado 12-4473] Detected error while running simulation. Please correct the issue and retry this operation.
ERROR: [Common 17-39] 'launch_simulation' failed due to earlier errors.
ERROR: [Common 17-180] Spawn failed: No error
reset_simulation -simset sim_1 -mode behavioral
INFO: [Vivado 12-2266] Removing simulation data...
INFO: [Vivado 12-2267] Reset complete
WARNING: [filemgmt 56-199] Attempt to get parsing info during refresh. "On-the-fly" syntax checking information may be incorrect. [D:\LAB_UIT\Verilog_project\RV32I\code_vivado\Rv32I\Rv32I.srcs\sources_1\new\hazard_unit.v:]
WARNING: [filemgmt 56-199] Attempt to get parsing info during refresh. "On-the-fly" syntax checking information may be incorrect. [D:\LAB_UIT\Verilog_project\RV32I\code_vivado\Rv32I\Rv32I.srcs\sources_1\new\id_ex_reg.v:]
WARNING: [filemgmt 56-199] Attempt to get parsing info during refresh. "On-the-fly" syntax checking information may be incorrect. [D:\LAB_UIT\Verilog_project\RV32I\code_vivado\Rv32I\Rv32I.srcs\sources_1\new\control_unit.v:]
WARNING: [filemgmt 56-199] Attempt to get parsing info during refresh. "On-the-fly" syntax checking information may be incorrect. [D:\LAB_UIT\Verilog_project\RV32I\code_vivado\Rv32I\Rv32I.srcs\sources_1\new\forwarding_unit.v:]
WARNING: [filemgmt 56-199] Attempt to get parsing info during refresh. "On-the-fly" syntax checking information may be incorrect. [D:\LAB_UIT\Verilog_project\RV32I\code_vivado\Rv32I\Rv32I.srcs\sources_1\new\riscv_top.v:]
WARNING: [filemgmt 56-199] Attempt to get parsing info during refresh. "On-the-fly" syntax checking information may be incorrect. [D:\LAB_UIT\Verilog_project\RV32I\code_vivado\Rv32I\Rv32I.srcs\sources_1\new\ex_mem_reg.v:]
WARNING: [filemgmt 56-199] Attempt to get parsing info during refresh. "On-the-fly" syntax checking information may be incorrect. [D:\LAB_UIT\Verilog_project\RV32I\code_vivado\Rv32I\Rv32I.srcs\sources_1\new\alu.v:]
WARNING: [filemgmt 56-199] Attempt to get parsing info during refresh. "On-the-fly" syntax checking information may be incorrect. [D:\LAB_UIT\Verilog_project\RV32I\code_vivado\Rv32I\Rv32I.srcs\sources_1\new\alu_control.v:]
WARNING: [filemgmt 56-199] Attempt to get parsing info during refresh. "On-the-fly" syntax checking information may be incorrect. [D:\LAB_UIT\Verilog_project\RV32I\code_vivado\Rv32I\Rv32I.srcs\sources_1\new\data_mem.v:]
WARNING: [filemgmt 56-199] Attempt to get parsing info during refresh. "On-the-fly" syntax checking information may be incorrect. [D:\LAB_UIT\Verilog_project\RV32I\code_vivado\Rv32I\Rv32I.srcs\sources_1\new\mem_wb_reg.v:]
WARNING: [filemgmt 56-199] Attempt to get parsing info during refresh. "On-the-fly" syntax checking information may be incorrect. [D:\LAB_UIT\Verilog_project\RV32I\code_vivado\Rv32I\Rv32I.srcs\sim_1\new\rv32i.v:]
WARNING: [filemgmt 56-199] Attempt to get parsing info during refresh. "On-the-fly" syntax checking information may be incorrect. [D:\LAB_UIT\Verilog_project\RV32I\code_vivado\Rv32I\Rv32I.srcs\sources_1\new\imm_gen.v:]
WARNING: [filemgmt 56-199] Attempt to get parsing info during refresh. "On-the-fly" syntax checking information may be incorrect. [D:\LAB_UIT\Verilog_project\RV32I\code_vivado\Rv32I\Rv32I.srcs\sources_1\new\riscv_top.v:]
WARNING: [filemgmt 56-199] Attempt to get parsing info during refresh. "On-the-fly" syntax checking information may be incorrect. [D:\LAB_UIT\Verilog_project\RV32I\code_vivado\Rv32I\Rv32I.srcs\sources_1\new\riscv_top.v:]
WARNING: [filemgmt 56-199] Attempt to get parsing info during refresh. "On-the-fly" syntax checking information may be incorrect. [D:\LAB_UIT\Verilog_project\RV32I\code_vivado\Rv32I\Rv32I.srcs\sources_1\new\hazard_unit.v:]
WARNING: [filemgmt 56-199] Attempt to get parsing info during refresh. "On-the-fly" syntax checking information may be incorrect. [D:\LAB_UIT\Verilog_project\RV32I\code_vivado\Rv32I\Rv32I.srcs\sources_1\new\id_ex_reg.v:]
WARNING: [filemgmt 56-199] Attempt to get parsing info during refresh. "On-the-fly" syntax checking information may be incorrect. [D:\LAB_UIT\Verilog_project\RV32I\code_vivado\Rv32I\Rv32I.srcs\sources_1\new\control_unit.v:]
WARNING: [filemgmt 56-199] Attempt to get parsing info during refresh. "On-the-fly" syntax checking information may be incorrect. [D:\LAB_UIT\Verilog_project\RV32I\code_vivado\Rv32I\Rv32I.srcs\sources_1\new\forwarding_unit.v:]
WARNING: [filemgmt 56-199] Attempt to get parsing info during refresh. "On-the-fly" syntax checking information may be incorrect. [D:\LAB_UIT\Verilog_project\RV32I\code_vivado\Rv32I\Rv32I.srcs\sources_1\new\riscv_top.v:]
WARNING: [filemgmt 56-199] Attempt to get parsing info during refresh. "On-the-fly" syntax checking information may be incorrect. [D:\LAB_UIT\Verilog_project\RV32I\code_vivado\Rv32I\Rv32I.srcs\sources_1\new\ex_mem_reg.v:]
WARNING: [filemgmt 56-199] Attempt to get parsing info during refresh. "On-the-fly" syntax checking information may be incorrect. [D:\LAB_UIT\Verilog_project\RV32I\code_vivado\Rv32I\Rv32I.srcs\sources_1\new\alu.v:]
WARNING: [filemgmt 56-199] Attempt to get parsing info during refresh. "On-the-fly" syntax checking information may be incorrect. [D:\LAB_UIT\Verilog_project\RV32I\code_vivado\Rv32I\Rv32I.srcs\sources_1\new\alu_control.v:]
WARNING: [filemgmt 56-199] Attempt to get parsing info during refresh. "On-the-fly" syntax checking information may be incorrect. [D:\LAB_UIT\Verilog_project\RV32I\code_vivado\Rv32I\Rv32I.srcs\sources_1\new\data_mem.v:]
WARNING: [filemgmt 56-199] Attempt to get parsing info during refresh. "On-the-fly" syntax checking information may be incorrect. [D:\LAB_UIT\Verilog_project\RV32I\code_vivado\Rv32I\Rv32I.srcs\sources_1\new\mem_wb_reg.v:]
WARNING: [filemgmt 56-199] Attempt to get parsing info during refresh. "On-the-fly" syntax checking information may be incorrect. [D:\LAB_UIT\Verilog_project\RV32I\code_vivado\Rv32I\Rv32I.srcs\sim_1\new\rv32i.v:]
WARNING: [filemgmt 56-199] Attempt to get parsing info during refresh. "On-the-fly" syntax checking information may be incorrect. [D:\LAB_UIT\Verilog_project\RV32I\code_vivado\Rv32I\Rv32I.srcs\sources_1\new\imm_gen.v:]
WARNING: [filemgmt 56-199] Attempt to get parsing info during refresh. "On-the-fly" syntax checking information may be incorrect. [D:\LAB_UIT\Verilog_project\RV32I\code_vivado\Rv32I\Rv32I.srcs\sources_1\new\alu_control.v:]
WARNING: [filemgmt 56-199] Attempt to get parsing info during refresh. "On-the-fly" syntax checking information may be incorrect. [D:\LAB_UIT\Verilog_project\RV32I\code_vivado\Rv32I\Rv32I.srcs\sources_1\new\alu_control.v:]
WARNING: [filemgmt 56-199] Attempt to get parsing info during refresh. "On-the-fly" syntax checking information may be incorrect. [D:\LAB_UIT\Verilog_project\RV32I\code_vivado\Rv32I\Rv32I.srcs\sources_1\new\hazard_unit.v:]
WARNING: [filemgmt 56-199] Attempt to get parsing info during refresh. "On-the-fly" syntax checking information may be incorrect. [D:\LAB_UIT\Verilog_project\RV32I\code_vivado\Rv32I\Rv32I.srcs\sources_1\new\id_ex_reg.v:]
WARNING: [filemgmt 56-199] Attempt to get parsing info during refresh. "On-the-fly" syntax checking information may be incorrect. [D:\LAB_UIT\Verilog_project\RV32I\code_vivado\Rv32I\Rv32I.srcs\sources_1\new\control_unit.v:]
WARNING: [filemgmt 56-199] Attempt to get parsing info during refresh. "On-the-fly" syntax checking information may be incorrect. [D:\LAB_UIT\Verilog_project\RV32I\code_vivado\Rv32I\Rv32I.srcs\sources_1\new\forwarding_unit.v:]
WARNING: [filemgmt 56-199] Attempt to get parsing info during refresh. "On-the-fly" syntax checking information may be incorrect. [D:\LAB_UIT\Verilog_project\RV32I\code_vivado\Rv32I\Rv32I.srcs\sources_1\new\riscv_top.v:]
WARNING: [filemgmt 56-199] Attempt to get parsing info during refresh. "On-the-fly" syntax checking information may be incorrect. [D:\LAB_UIT\Verilog_project\RV32I\code_vivado\Rv32I\Rv32I.srcs\sources_1\new\ex_mem_reg.v:]
WARNING: [filemgmt 56-199] Attempt to get parsing info during refresh. "On-the-fly" syntax checking information may be incorrect. [D:\LAB_UIT\Verilog_project\RV32I\code_vivado\Rv32I\Rv32I.srcs\sources_1\new\alu.v:]
WARNING: [filemgmt 56-199] Attempt to get parsing info during refresh. "On-the-fly" syntax checking information may be incorrect. [D:\LAB_UIT\Verilog_project\RV32I\code_vivado\Rv32I\Rv32I.srcs\sources_1\new\alu_control.v:]
WARNING: [filemgmt 56-199] Attempt to get parsing info during refresh. "On-the-fly" syntax checking information may be incorrect. [D:\LAB_UIT\Verilog_project\RV32I\code_vivado\Rv32I\Rv32I.srcs\sources_1\new\data_mem.v:]
WARNING: [filemgmt 56-199] Attempt to get parsing info during refresh. "On-the-fly" syntax checking information may be incorrect. [D:\LAB_UIT\Verilog_project\RV32I\code_vivado\Rv32I\Rv32I.srcs\sources_1\new\mem_wb_reg.v:]
WARNING: [filemgmt 56-199] Attempt to get parsing info during refresh. "On-the-fly" syntax checking information may be incorrect. [D:\LAB_UIT\Verilog_project\RV32I\code_vivado\Rv32I\Rv32I.srcs\sim_1\new\rv32i.v:]
WARNING: [filemgmt 56-199] Attempt to get parsing info during refresh. "On-the-fly" syntax checking information may be incorrect. [D:\LAB_UIT\Verilog_project\RV32I\code_vivado\Rv32I\Rv32I.srcs\sources_1\new\imm_gen.v:]
WARNING: [filemgmt 56-199] Attempt to get parsing info during refresh. "On-the-fly" syntax checking information may be incorrect. [D:\LAB_UIT\Verilog_project\RV32I\code_vivado\Rv32I\Rv32I.srcs\sources_1\new\alu.v:]
WARNING: [filemgmt 56-199] Attempt to get parsing info during refresh. "On-the-fly" syntax checking information may be incorrect. [D:\LAB_UIT\Verilog_project\RV32I\code_vivado\Rv32I\Rv32I.srcs\sources_1\new\alu.v:]
WARNING: [filemgmt 56-199] Attempt to get parsing info during refresh. "On-the-fly" syntax checking information may be incorrect. [D:\LAB_UIT\Verilog_project\RV32I\code_vivado\Rv32I\Rv32I.srcs\sources_1\new\hazard_unit.v:]
WARNING: [filemgmt 56-199] Attempt to get parsing info during refresh. "On-the-fly" syntax checking information may be incorrect. [D:\LAB_UIT\Verilog_project\RV32I\code_vivado\Rv32I\Rv32I.srcs\sources_1\new\id_ex_reg.v:]
WARNING: [filemgmt 56-199] Attempt to get parsing info during refresh. "On-the-fly" syntax checking information may be incorrect. [D:\LAB_UIT\Verilog_project\RV32I\code_vivado\Rv32I\Rv32I.srcs\sources_1\new\control_unit.v:]
WARNING: [filemgmt 56-199] Attempt to get parsing info during refresh. "On-the-fly" syntax checking information may be incorrect. [D:\LAB_UIT\Verilog_project\RV32I\code_vivado\Rv32I\Rv32I.srcs\sources_1\new\forwarding_unit.v:]
WARNING: [filemgmt 56-199] Attempt to get parsing info during refresh. "On-the-fly" syntax checking information may be incorrect. [D:\LAB_UIT\Verilog_project\RV32I\code_vivado\Rv32I\Rv32I.srcs\sources_1\new\riscv_top.v:]
WARNING: [filemgmt 56-199] Attempt to get parsing info during refresh. "On-the-fly" syntax checking information may be incorrect. [D:\LAB_UIT\Verilog_project\RV32I\code_vivado\Rv32I\Rv32I.srcs\sources_1\new\ex_mem_reg.v:]
WARNING: [filemgmt 56-199] Attempt to get parsing info during refresh. "On-the-fly" syntax checking information may be incorrect. [D:\LAB_UIT\Verilog_project\RV32I\code_vivado\Rv32I\Rv32I.srcs\sources_1\new\alu.v:]
WARNING: [filemgmt 56-199] Attempt to get parsing info during refresh. "On-the-fly" syntax checking information may be incorrect. [D:\LAB_UIT\Verilog_project\RV32I\code_vivado\Rv32I\Rv32I.srcs\sources_1\new\alu_control.v:]
WARNING: [filemgmt 56-199] Attempt to get parsing info during refresh. "On-the-fly" syntax checking information may be incorrect. [D:\LAB_UIT\Verilog_project\RV32I\code_vivado\Rv32I\Rv32I.srcs\sources_1\new\data_mem.v:]
WARNING: [filemgmt 56-199] Attempt to get parsing info during refresh. "On-the-fly" syntax checking information may be incorrect. [D:\LAB_UIT\Verilog_project\RV32I\code_vivado\Rv32I\Rv32I.srcs\sources_1\new\mem_wb_reg.v:]
WARNING: [filemgmt 56-199] Attempt to get parsing info during refresh. "On-the-fly" syntax checking information may be incorrect. [D:\LAB_UIT\Verilog_project\RV32I\code_vivado\Rv32I\Rv32I.srcs\sim_1\new\rv32i.v:]
WARNING: [filemgmt 56-199] Attempt to get parsing info during refresh. "On-the-fly" syntax checking information may be incorrect. [D:\LAB_UIT\Verilog_project\RV32I\code_vivado\Rv32I\Rv32I.srcs\sources_1\new\imm_gen.v:]
WARNING: [filemgmt 56-199] Attempt to get parsing info during refresh. "On-the-fly" syntax checking information may be incorrect. [D:\LAB_UIT\Verilog_project\RV32I\code_vivado\Rv32I\Rv32I.srcs\sources_1\new\imm_gen.v:]
WARNING: [filemgmt 56-199] Attempt to get parsing info during refresh. "On-the-fly" syntax checking information may be incorrect. [D:\LAB_UIT\Verilog_project\RV32I\code_vivado\Rv32I\Rv32I.srcs\sources_1\new\imm_gen.v:]
WARNING: [filemgmt 56-199] Attempt to get parsing info during refresh. "On-the-fly" syntax checking information may be incorrect. [D:\LAB_UIT\Verilog_project\RV32I\code_vivado\Rv32I\Rv32I.srcs\sources_1\new\hazard_unit.v:]
WARNING: [filemgmt 56-199] Attempt to get parsing info during refresh. "On-the-fly" syntax checking information may be incorrect. [D:\LAB_UIT\Verilog_project\RV32I\code_vivado\Rv32I\Rv32I.srcs\sources_1\new\id_ex_reg.v:]
WARNING: [filemgmt 56-199] Attempt to get parsing info during refresh. "On-the-fly" syntax checking information may be incorrect. [D:\LAB_UIT\Verilog_project\RV32I\code_vivado\Rv32I\Rv32I.srcs\sources_1\new\control_unit.v:]
WARNING: [filemgmt 56-199] Attempt to get parsing info during refresh. "On-the-fly" syntax checking information may be incorrect. [D:\LAB_UIT\Verilog_project\RV32I\code_vivado\Rv32I\Rv32I.srcs\sources_1\new\forwarding_unit.v:]
WARNING: [filemgmt 56-199] Attempt to get parsing info during refresh. "On-the-fly" syntax checking information may be incorrect. [D:\LAB_UIT\Verilog_project\RV32I\code_vivado\Rv32I\Rv32I.srcs\sources_1\new\riscv_top.v:]
WARNING: [filemgmt 56-199] Attempt to get parsing info during refresh. "On-the-fly" syntax checking information may be incorrect. [D:\LAB_UIT\Verilog_project\RV32I\code_vivado\Rv32I\Rv32I.srcs\sources_1\new\ex_mem_reg.v:]
WARNING: [filemgmt 56-199] Attempt to get parsing info during refresh. "On-the-fly" syntax checking information may be incorrect. [D:\LAB_UIT\Verilog_project\RV32I\code_vivado\Rv32I\Rv32I.srcs\sources_1\new\alu.v:]
WARNING: [filemgmt 56-199] Attempt to get parsing info during refresh. "On-the-fly" syntax checking information may be incorrect. [D:\LAB_UIT\Verilog_project\RV32I\code_vivado\Rv32I\Rv32I.srcs\sources_1\new\alu_control.v:]
WARNING: [filemgmt 56-199] Attempt to get parsing info during refresh. "On-the-fly" syntax checking information may be incorrect. [D:\LAB_UIT\Verilog_project\RV32I\code_vivado\Rv32I\Rv32I.srcs\sources_1\new\data_mem.v:]
WARNING: [filemgmt 56-199] Attempt to get parsing info during refresh. "On-the-fly" syntax checking information may be incorrect. [D:\LAB_UIT\Verilog_project\RV32I\code_vivado\Rv32I\Rv32I.srcs\sources_1\new\mem_wb_reg.v:]
WARNING: [filemgmt 56-199] Attempt to get parsing info during refresh. "On-the-fly" syntax checking information may be incorrect. [D:\LAB_UIT\Verilog_project\RV32I\code_vivado\Rv32I\Rv32I.srcs\sim_1\new\rv32i.v:]
WARNING: [filemgmt 56-199] Attempt to get parsing info during refresh. "On-the-fly" syntax checking information may be incorrect. [D:\LAB_UIT\Verilog_project\RV32I\code_vivado\Rv32I\Rv32I.srcs\sources_1\new\imm_gen.v:]
WARNING: [filemgmt 56-199] Attempt to get parsing info during refresh. "On-the-fly" syntax checking information may be incorrect. [D:\LAB_UIT\Verilog_project\RV32I\code_vivado\Rv32I\Rv32I.srcs\sources_1\new\hazard_unit.v:]
WARNING: [filemgmt 56-199] Attempt to get parsing info during refresh. "On-the-fly" syntax checking information may be incorrect. [D:\LAB_UIT\Verilog_project\RV32I\code_vivado\Rv32I\Rv32I.srcs\sources_1\new\hazard_unit.v:]
WARNING: [filemgmt 56-199] Attempt to get parsing info during refresh. "On-the-fly" syntax checking information may be incorrect. [D:\LAB_UIT\Verilog_project\RV32I\code_vivado\Rv32I\Rv32I.srcs\sources_1\new\hazard_unit.v:]
WARNING: [filemgmt 56-199] Attempt to get parsing info during refresh. "On-the-fly" syntax checking information may be incorrect. [D:\LAB_UIT\Verilog_project\RV32I\code_vivado\Rv32I\Rv32I.srcs\sources_1\new\id_ex_reg.v:]
WARNING: [filemgmt 56-199] Attempt to get parsing info during refresh. "On-the-fly" syntax checking information may be incorrect. [D:\LAB_UIT\Verilog_project\RV32I\code_vivado\Rv32I\Rv32I.srcs\sources_1\new\control_unit.v:]
WARNING: [filemgmt 56-199] Attempt to get parsing info during refresh. "On-the-fly" syntax checking information may be incorrect. [D:\LAB_UIT\Verilog_project\RV32I\code_vivado\Rv32I\Rv32I.srcs\sources_1\new\forwarding_unit.v:]
WARNING: [filemgmt 56-199] Attempt to get parsing info during refresh. "On-the-fly" syntax checking information may be incorrect. [D:\LAB_UIT\Verilog_project\RV32I\code_vivado\Rv32I\Rv32I.srcs\sources_1\new\riscv_top.v:]
WARNING: [filemgmt 56-199] Attempt to get parsing info during refresh. "On-the-fly" syntax checking information may be incorrect. [D:\LAB_UIT\Verilog_project\RV32I\code_vivado\Rv32I\Rv32I.srcs\sources_1\new\ex_mem_reg.v:]
WARNING: [filemgmt 56-199] Attempt to get parsing info during refresh. "On-the-fly" syntax checking information may be incorrect. [D:\LAB_UIT\Verilog_project\RV32I\code_vivado\Rv32I\Rv32I.srcs\sources_1\new\alu.v:]
WARNING: [filemgmt 56-199] Attempt to get parsing info during refresh. "On-the-fly" syntax checking information may be incorrect. [D:\LAB_UIT\Verilog_project\RV32I\code_vivado\Rv32I\Rv32I.srcs\sources_1\new\alu_control.v:]
WARNING: [filemgmt 56-199] Attempt to get parsing info during refresh. "On-the-fly" syntax checking information may be incorrect. [D:\LAB_UIT\Verilog_project\RV32I\code_vivado\Rv32I\Rv32I.srcs\sources_1\new\data_mem.v:]
WARNING: [filemgmt 56-199] Attempt to get parsing info during refresh. "On-the-fly" syntax checking information may be incorrect. [D:\LAB_UIT\Verilog_project\RV32I\code_vivado\Rv32I\Rv32I.srcs\sources_1\new\mem_wb_reg.v:]
WARNING: [filemgmt 56-199] Attempt to get parsing info during refresh. "On-the-fly" syntax checking information may be incorrect. [D:\LAB_UIT\Verilog_project\RV32I\code_vivado\Rv32I\Rv32I.srcs\sim_1\new\rv32i.v:]
WARNING: [filemgmt 56-199] Attempt to get parsing info during refresh. "On-the-fly" syntax checking information may be incorrect. [D:\LAB_UIT\Verilog_project\RV32I\code_vivado\Rv32I\Rv32I.srcs\sources_1\new\imm_gen.v:]
WARNING: [filemgmt 56-199] Attempt to get parsing info during refresh. "On-the-fly" syntax checking information may be incorrect. [D:\LAB_UIT\Verilog_project\RV32I\code_vivado\Rv32I\Rv32I.srcs\sources_1\new\forwarding_unit.v:]
WARNING: [filemgmt 56-199] Attempt to get parsing info during refresh. "On-the-fly" syntax checking information may be incorrect. [D:\LAB_UIT\Verilog_project\RV32I\code_vivado\Rv32I\Rv32I.srcs\sources_1\new\forwarding_unit.v:]
ERROR: [Common 17-180] Spawn failed: No error
WARNING: [filemgmt 56-199] Attempt to get parsing info during refresh. "On-the-fly" syntax checking information may be incorrect. [D:\LAB_UIT\Verilog_project\RV32I\code_vivado\Rv32I\Rv32I.srcs\sources_1\new\hazard_unit.v:]
WARNING: [filemgmt 56-199] Attempt to get parsing info during refresh. "On-the-fly" syntax checking information may be incorrect. [D:\LAB_UIT\Verilog_project\RV32I\code_vivado\Rv32I\Rv32I.srcs\sources_1\new\id_ex_reg.v:]
WARNING: [filemgmt 56-199] Attempt to get parsing info during refresh. "On-the-fly" syntax checking information may be incorrect. [D:\LAB_UIT\Verilog_project\RV32I\code_vivado\Rv32I\Rv32I.srcs\sources_1\new\control_unit.v:]
WARNING: [filemgmt 56-199] Attempt to get parsing info during refresh. "On-the-fly" syntax checking information may be incorrect. [D:\LAB_UIT\Verilog_project\RV32I\code_vivado\Rv32I\Rv32I.srcs\sources_1\new\forwarding_unit.v:]
WARNING: [filemgmt 56-199] Attempt to get parsing info during refresh. "On-the-fly" syntax checking information may be incorrect. [D:\LAB_UIT\Verilog_project\RV32I\code_vivado\Rv32I\Rv32I.srcs\sources_1\new\riscv_top.v:]
ERROR: [Common 17-180] Spawn failed: No error
WARNING: [filemgmt 56-199] Attempt to get parsing info during refresh. "On-the-fly" syntax checking information may be incorrect. [D:\LAB_UIT\Verilog_project\RV32I\code_vivado\Rv32I\Rv32I.srcs\sources_1\new\ex_mem_reg.v:]
WARNING: [filemgmt 56-199] Attempt to get parsing info during refresh. "On-the-fly" syntax checking information may be incorrect. [D:\LAB_UIT\Verilog_project\RV32I\code_vivado\Rv32I\Rv32I.srcs\sources_1\new\alu.v:]
WARNING: [filemgmt 56-199] Attempt to get parsing info during refresh. "On-the-fly" syntax checking information may be incorrect. [D:\LAB_UIT\Verilog_project\RV32I\code_vivado\Rv32I\Rv32I.srcs\sources_1\new\alu_control.v:]
WARNING: [filemgmt 56-199] Attempt to get parsing info during refresh. "On-the-fly" syntax checking information may be incorrect. [D:\LAB_UIT\Verilog_project\RV32I\code_vivado\Rv32I\Rv32I.srcs\sources_1\new\data_mem.v:]
WARNING: [filemgmt 56-199] Attempt to get parsing info during refresh. "On-the-fly" syntax checking information may be incorrect. [D:\LAB_UIT\Verilog_project\RV32I\code_vivado\Rv32I\Rv32I.srcs\sources_1\new\mem_wb_reg.v:]
WARNING: [filemgmt 56-199] Attempt to get parsing info during refresh. "On-the-fly" syntax checking information may be incorrect. [D:\LAB_UIT\Verilog_project\RV32I\code_vivado\Rv32I\Rv32I.srcs\sim_1\new\rv32i.v:]
WARNING: [filemgmt 56-199] Attempt to get parsing info during refresh. "On-the-fly" syntax checking information may be incorrect. [D:\LAB_UIT\Verilog_project\RV32I\code_vivado\Rv32I\Rv32I.srcs\sources_1\new\imm_gen.v:]
WARNING: [filemgmt 56-199] Attempt to get parsing info during refresh. "On-the-fly" syntax checking information may be incorrect. [D:\LAB_UIT\Verilog_project\RV32I\code_vivado\Rv32I\Rv32I.srcs\sources_1\new\data_mem.v:]
WARNING: [filemgmt 56-199] Attempt to get parsing info during refresh. "On-the-fly" syntax checking information may be incorrect. [D:\LAB_UIT\Verilog_project\RV32I\code_vivado\Rv32I\Rv32I.srcs\sources_1\new\data_mem.v:]
WARNING: [filemgmt 56-199] Attempt to get parsing info during refresh. "On-the-fly" syntax checking information may be incorrect. [D:\LAB_UIT\Verilog_project\RV32I\code_vivado\Rv32I\Rv32I.srcs\sources_1\new\hazard_unit.v:]
WARNING: [filemgmt 56-199] Attempt to get parsing info during refresh. "On-the-fly" syntax checking information may be incorrect. [D:\LAB_UIT\Verilog_project\RV32I\code_vivado\Rv32I\Rv32I.srcs\sources_1\new\id_ex_reg.v:]
INFO: [Common 17-14] Message 'filemgmt 56-199' appears 100 times and further instances of the messages will be disabled. Use the Tcl command set_msg_config to change the current settings.
ERROR: [Common 17-180] Spawn failed: No error
ERROR: [Common 17-180] Spawn failed: No error
ERROR: [Common 17-180] Spawn failed: No error
ERROR: [Common 17-180] Spawn failed: No error
launch_simulation
Command: launch_simulation 
INFO: [Vivado 12-12493] Simulation top is 'tb_riscv'
WARNING: [Vivado 12-13340] Unable to auto find GCC executables from simulator install path! (path not set)
INFO: [Vivado 12-5682] Launching behavioral simulation in 'D:/LAB_UIT/Verilog_project/RV32I/code_vivado/Rv32I/Rv32I.sim/sim_1/behav/xsim'
INFO: [SIM-utils-51] Simulation object is 'sim_1'
INFO: [SIM-utils-72] Using boost library from 'D:/vivado/Vivado/2024.2/tps/boost_1_72_0'
INFO: [SIM-utils-54] Inspecting design source files for 'tb_riscv' in fileset 'sim_1'...
INFO: [SIM-utils-43] Exported 'D:/LAB_UIT/Verilog_project/RV32I/code_vivado/Rv32I/Rv32I.sim/sim_1/behav/xsim/test_branch.hex'
INFO: [SIM-utils-43] Exported 'D:/LAB_UIT/Verilog_project/RV32I/code_vivado/Rv32I/Rv32I.sim/sim_1/behav/xsim/test_loaduse.hex'
INFO: [SIM-utils-43] Exported 'D:/LAB_UIT/Verilog_project/RV32I/code_vivado/Rv32I/Rv32I.sim/sim_1/behav/xsim/test_forward.hex'
INFO: [SIM-utils-43] Exported 'D:/LAB_UIT/Verilog_project/RV32I/code_vivado/Rv32I/Rv32I.sim/sim_1/behav/xsim/test_loadstore.hex'
INFO: [SIM-utils-43] Exported 'D:/LAB_UIT/Verilog_project/RV32I/code_vivado/Rv32I/Rv32I.sim/sim_1/behav/xsim/test_rtype.hex'
INFO: [SIM-utils-43] Exported 'D:/LAB_UIT/Verilog_project/RV32I/code_vivado/Rv32I/Rv32I.sim/sim_1/behav/xsim/zeros.hex'
INFO: [USF-XSim-97] Finding global include files...
INFO: [USF-XSim-98] Fetching design files from 'sim_1'...
INFO: [USF-XSim-2] XSim::Compile design
INFO: [USF-XSim-61] Executing 'COMPILE and ANALYZE' step in 'D:/LAB_UIT/Verilog_project/RV32I/code_vivado/Rv32I/Rv32I.sim/sim_1/behav/xsim'
"xvlog --incr --relax -prj tb_riscv_vlog.prj"
INFO: [VRFC 10-2263] Analyzing Verilog file "D:/LAB_UIT/Verilog_project/RV32I/code_vivado/Rv32I/Rv32I.srcs/sources_1/new/alu.v" into library xil_defaultlib
INFO: [VRFC 10-311] analyzing module alu
INFO: [VRFC 10-2263] Analyzing Verilog file "D:/LAB_UIT/Verilog_project/RV32I/code_vivado/Rv32I/Rv32I.srcs/sources_1/new/alu_control.v" into library xil_defaultlib
INFO: [VRFC 10-311] analyzing module alu_control
INFO: [VRFC 10-2263] Analyzing Verilog file "D:/LAB_UIT/Verilog_project/RV32I/code_vivado/Rv32I/Rv32I.srcs/sources_1/new/control_unit.v" into library xil_defaultlib
INFO: [VRFC 10-311] analyzing module control_unit
INFO: [VRFC 10-2263] Analyzing Verilog file "D:/LAB_UIT/Verilog_project/RV32I/code_vivado/Rv32I/Rv32I.srcs/sources_1/new/data_mem.v" into library xil_defaultlib
INFO: [VRFC 10-311] analyzing module data_mem
INFO: [VRFC 10-2263] Analyzing Verilog file "D:/LAB_UIT/Verilog_project/RV32I/code_vivado/Rv32I/Rv32I.srcs/sources_1/new/ex_mem_reg.v" into library xil_defaultlib
INFO: [VRFC 10-311] analyzing module ex_mem_reg
INFO: [VRFC 10-2263] Analyzing Verilog file "D:/LAB_UIT/Verilog_project/RV32I/code_vivado/Rv32I/Rv32I.srcs/sources_1/new/forwarding_unit.v" into library xil_defaultlib
INFO: [VRFC 10-311] analyzing module forwarding_unit
INFO: [VRFC 10-2263] Analyzing Verilog file "D:/LAB_UIT/Verilog_project/RV32I/code_vivado/Rv32I/Rv32I.srcs/sources_1/new/hazard_unit.v" into library xil_defaultlib
INFO: [VRFC 10-311] analyzing module hazard_unit
INFO: [VRFC 10-2263] Analyzing Verilog file "D:/LAB_UIT/Verilog_project/RV32I/code_vivado/Rv32I/Rv32I.srcs/sources_1/new/id_ex_reg.v" into library xil_defaultlib
INFO: [VRFC 10-311] analyzing module id_ex_reg
INFO: [VRFC 10-2263] Analyzing Verilog file "D:/LAB_UIT/Verilog_project/RV32I/code_vivado/Rv32I/Rv32I.srcs/sources_1/new/if_id_reg.v" into library xil_defaultlib
INFO: [VRFC 10-311] analyzing module if_id_reg
INFO: [VRFC 10-2263] Analyzing Verilog file "D:/LAB_UIT/Verilog_project/RV32I/code_vivado/Rv32I/Rv32I.srcs/sources_1/new/imm_gen.v" into library xil_defaultlib
INFO: [VRFC 10-311] analyzing module imm_gen
INFO: [VRFC 10-2263] Analyzing Verilog file "D:/LAB_UIT/Verilog_project/RV32I/code_vivado/Rv32I/Rv32I.srcs/sources_1/new/instruction_mem.v" into library xil_defaultlib
INFO: [VRFC 10-311] analyzing module instr_mem
INFO: [VRFC 10-2263] Analyzing Verilog file "D:/LAB_UIT/Verilog_project/RV32I/code_vivado/Rv32I/Rv32I.srcs/sources_1/new/mem_wb_reg.v" into library xil_defaultlib
INFO: [VRFC 10-311] analyzing module mem_wb_reg
INFO: [VRFC 10-2263] Analyzing Verilog file "D:/LAB_UIT/Verilog_project/RV32I/code_vivado/Rv32I/Rv32I.srcs/sources_1/new/pc.v" into library xil_defaultlib
INFO: [VRFC 10-311] analyzing module pc
INFO: [VRFC 10-2263] Analyzing Verilog file "D:/LAB_UIT/Verilog_project/RV32I/code_vivado/Rv32I/Rv32I.srcs/sources_1/new/reg_file.v" into library xil_defaultlib
INFO: [VRFC 10-311] analyzing module reg_file
INFO: [VRFC 10-2263] Analyzing Verilog file "D:/LAB_UIT/Verilog_project/RV32I/code_vivado/Rv32I/Rv32I.srcs/sources_1/new/riscv_top.v" into library xil_defaultlib
INFO: [VRFC 10-311] analyzing module riscv_top
INFO: [VRFC 10-2263] Analyzing Verilog file "D:/LAB_UIT/Verilog_project/RV32I/code_vivado/Rv32I/Rv32I.srcs/sim_1/new/rv32i.v" into library xil_defaultlib
INFO: [VRFC 10-311] analyzing module tb_riscv
INFO: [VRFC 10-2263] Analyzing Verilog file "D:/LAB_UIT/Verilog_project/RV32I/code_vivado/Rv32I/Rv32I.sim/sim_1/behav/xsim/glbl.v" into library xil_defaultlib
INFO: [VRFC 10-311] analyzing module glbl
INFO: [USF-XSim-69] 'compile' step finished in '4' seconds
INFO: [USF-XSim-3] XSim::Elaborate design
INFO: [USF-XSim-61] Executing 'ELABORATE' step in 'D:/LAB_UIT/Verilog_project/RV32I/code_vivado/Rv32I/Rv32I.sim/sim_1/behav/xsim'
"xelab --incr --debug typical --relax --mt 2 -L xil_defaultlib -L unisims_ver -L unimacro_ver -L secureip --snapshot tb_riscv_behav xil_defaultlib.tb_riscv xil_defaultlib.glbl -log elaborate.log"
Vivado Simulator v2024.2.0
Copyright 1986-2022 Xilinx, Inc. All Rights Reserved.
Copyright 2022-2024 Advanced Micro Devices, Inc. All Rights Reserved.
Running: D:/vivado/Vivado/2024.2/bin/unwrapped/win64.o/xelab.exe --incr --debug typical --relax --mt 2 -L xil_defaultlib -L unisims_ver -L unimacro_ver -L secureip --snapshot tb_riscv_behav xil_defaultlib.tb_riscv xil_defaultlib.glbl -log elaborate.log 
Using 2 slave threads.
Starting static elaboration
Pass Through NonSizing Optimizer
Completed static elaboration
Starting simulation data flow analysis
Completed simulation data flow analysis
Time Resolution for simulation is 1ps
Compiling module xil_defaultlib.pc
Compiling module xil_defaultlib.instr_mem
Compiling module xil_defaultlib.if_id_reg
Compiling module xil_defaultlib.control_unit
Compiling module xil_defaultlib.reg_file
Compiling module xil_defaultlib.imm_gen
Compiling module xil_defaultlib.id_ex_reg
Compiling module xil_defaultlib.alu_control
Compiling module xil_defaultlib.alu
Compiling module xil_defaultlib.ex_mem_reg
Compiling module xil_defaultlib.data_mem
Compiling module xil_defaultlib.mem_wb_reg
Compiling module xil_defaultlib.hazard_unit
Compiling module xil_defaultlib.forwarding_unit
Compiling module xil_defaultlib.riscv_top
Compiling module xil_defaultlib.tb_riscv
Compiling module xil_defaultlib.glbl
Built simulation snapshot tb_riscv_behav
run_program: Time (s): cpu = 00:00:00 ; elapsed = 00:00:06 . Memory (MB): peak = 1318.086 ; gain = 0.000
INFO: [USF-XSim-69] 'elaborate' step finished in '5' seconds
INFO: [USF-XSim-4] XSim::Simulate design
INFO: [USF-XSim-61] Executing 'SIMULATE' step in 'D:/LAB_UIT/Verilog_project/RV32I/code_vivado/Rv32I/Rv32I.sim/sim_1/behav/xsim'
INFO: [USF-XSim-98] *** Running xsim
   with args "tb_riscv_behav -key {Behavioral:sim_1:Functional:tb_riscv} -tclbatch {tb_riscv.tcl} -log {simulate.log}"
INFO: [USF-XSim-8] Loading simulator feature
Time resolution is 1 ps
source tb_riscv.tcl
# set curr_wave [current_wave_config]
# if { [string length $curr_wave] == 0 } {
#   if { [llength [get_objects]] > 0} {
#     add_wave /
#     set_property needs_save false [current_wave_config]
#   } else {
#      send_msg_id Add_Wave-1 WARNING "No top level signals found. Simulator will start without a wave window. If you want to open a wave window go to 'File->New Waveform Configuration' or type 'create_wave_config' in the TCL console."
#   }
# }
# run 1000ns

=== TEST 1: R-type ===
PASS [         ADDI x1] x1 = 0x0000000a
PASS [         ADDI x2] x2 = 0x00000014
PASS [         ADD  x3] x3 = 0x0000001e
PASS [         SUB  x4] x4 = 0x0000000a
PASS [         AND  x5] x5 = 0x0000000a
PASS [         OR   x6] x6 = 0x0000001e
PASS [         XOR  x7] x7 = 0x0000001e
PASS [         SLT  x8] x8 = 0x00000001

=== TEST 2: Load/Store ===
PASS [           LW x3] x3 = 0x000000ab

=== TEST 3: Forwarding ===
PASS [       ADDI x1=5] x1 = 0x00000005
PASS [DI x2=8 (fwd x1)] x2 = 0x00000008
PASS [3=13 (fwd x1+x2)] x3 = 0x0000000d

=== TEST 4: Load-use stall ===
PASS [     LW  x3=0x55] x3 = 0x00000055
PASS [55, after stall)] x4 = 0x000000aa
INFO: [USF-XSim-96] XSim completed. Design snapshot 'tb_riscv_behav' loaded.
INFO: [USF-XSim-97] XSim simulation ran for 1000ns
launch_simulation: Time (s): cpu = 00:00:06 ; elapsed = 00:00:14 . Memory (MB): peak = 1340.141 ; gain = 22.055
close_sim
INFO: [Simtcl 6-16] Simulation closed
exit
INFO: [Common 17-206] Exiting Vivado at Sun May 10 21:13:15 2026...
